2021-04-18 23:34:38,371 INFO EPISODE 10 ##########
2021-04-18 23:34:38,371 INFO ########################
2021-04-18 23:34:38,371 INFO ########################
2021-04-18 23:34:38,371 INFO ########################
2021-04-18 23:34:39,962 INFO [0, 0, 0, 0]
2021-04-18 23:34:39,962 INFO [0, 0, 0, 0]
2021-04-18 23:34:39,962 INFO [0, 2, 0, 0]
2021-04-18 23:34:39,962 INFO [0, 0, 4, 0]
2021-04-18 23:34:39,962 INFO # Step 0, : UP, Visit Count : [91, 82, 102, 125], Thinking Time : 1.6sec


2021-04-18 23:34:41,524 INFO [0, 2, 4, 0]
2021-04-18 23:34:41,524 INFO [0, 0, 0, 0]
2021-04-18 23:34:41,524 INFO [0, 0, 0, 2]
2021-04-18 23:34:41,524 INFO [0, 0, 0, 0]
2021-04-18 23:34:41,525 INFO # Step 1, : LEFT, Visit Count : [168, 71, 97, 64], Thinking Time : 1.6sec


2021-04-18 23:34:43,125 INFO [2, 4, 0, 0]
2021-04-18 23:34:43,126 INFO [0, 0, 0, 0]
2021-04-18 23:34:43,126 INFO [2, 2, 0, 0]
2021-04-18 23:34:43,126 INFO [0, 0, 0, 0]
2021-04-18 23:34:43,126 INFO # Step 2, : UP, Visit Count : [146, 69, 90, 95], Thinking Time : 1.6sec


2021-04-18 23:34:44,802 INFO [4, 4, 0, 0]
2021-04-18 23:34:44,802 INFO [0, 2, 0, 2]
2021-04-18 23:34:44,802 INFO [0, 0, 0, 0]
2021-04-18 23:34:44,802 INFO [0, 0, 0, 0]
2021-04-18 23:34:44,802 INFO # Step 3, : LEFT, Visit Count : [148, 100, 80, 72], Thinking Time : 1.7sec


2021-04-18 23:34:46,578 INFO [8, 0, 0, 0]
2021-04-18 23:34:46,578 INFO [4, 0, 0, 0]
2021-04-18 23:34:46,578 INFO [0, 0, 0, 0]
2021-04-18 23:34:46,578 INFO [0, 4, 0, 0]
2021-04-18 23:34:46,578 INFO # Step 4, : DOWN, Visit Count : [81, 154, 88, 77], Thinking Time : 1.8sec


2021-04-18 23:34:48,354 INFO [0, 0, 2, 0]
2021-04-18 23:34:48,354 INFO [0, 0, 0, 0]
2021-04-18 23:34:48,354 INFO [8, 0, 0, 0]
2021-04-18 23:34:48,354 INFO [4, 4, 0, 0]
2021-04-18 23:34:48,354 INFO # Step 5, : LEFT, Visit Count : [133, 77, 93, 97], Thinking Time : 1.8sec


2021-04-18 23:34:49,996 INFO [2, 0, 0, 0]
2021-04-18 23:34:49,996 INFO [0, 0, 0, 0]
2021-04-18 23:34:49,996 INFO [8, 0, 0, 0]
2021-04-18 23:34:49,996 INFO [8, 0, 0, 2]
2021-04-18 23:34:49,996 INFO # Step 6, : DOWN, Visit Count : [93, 106, 86, 115], Thinking Time : 1.6sec


2021-04-18 23:34:51,705 INFO [0, 0, 0, 0]
2021-04-18 23:34:51,705 INFO [0, 0, 0, 0]
2021-04-18 23:34:51,705 INFO [2, 0, 0, 0]
2021-04-18 23:34:51,705 INFO [16, 0, 2, 2]
2021-04-18 23:34:51,705 INFO # Step 7, : LEFT, Visit Count : [133, 112, 155], Thinking Time : 1.7sec


2021-04-18 23:34:53,441 INFO [0, 0, 0, 2]
2021-04-18 23:34:53,441 INFO [0, 0, 0, 0]
2021-04-18 23:34:53,441 INFO [2, 0, 0, 0]
2021-04-18 23:34:53,441 INFO [16, 4, 0, 0]
2021-04-18 23:34:53,441 INFO # Step 8, : DOWN, Visit Count : [77, 107, 155, 61], Thinking Time : 1.7sec


2021-04-18 23:34:55,135 INFO [0, 0, 0, 0]
2021-04-18 23:34:55,136 INFO [2, 0, 0, 0]
2021-04-18 23:34:55,136 INFO [2, 0, 0, 0]
2021-04-18 23:34:55,136 INFO [16, 4, 0, 2]
2021-04-18 23:34:55,136 INFO # Step 9, : UP, Visit Count : [76, 162, 83, 79], Thinking Time : 1.7sec


2021-04-18 23:34:56,700 INFO [4, 4, 0, 2]
2021-04-18 23:34:56,700 INFO [16, 0, 0, 0]
2021-04-18 23:34:56,700 INFO [2, 0, 0, 0]
2021-04-18 23:34:56,700 INFO [0, 0, 0, 0]
2021-04-18 23:34:56,700 INFO # Step 10, : LEFT, Visit Count : [157, 139, 104], Thinking Time : 1.6sec


2021-04-18 23:34:58,394 INFO [8, 2, 0, 0]
2021-04-18 23:34:58,394 INFO [16, 0, 0, 0]
2021-04-18 23:34:58,394 INFO [2, 0, 0, 2]
2021-04-18 23:34:58,394 INFO [0, 0, 0, 0]
2021-04-18 23:34:58,394 INFO # Step 11, : LEFT, Visit Count : [89, 116, 134, 61], Thinking Time : 1.7sec


2021-04-18 23:35:00,193 INFO [8, 2, 0, 0]
2021-04-18 23:35:00,193 INFO [16, 0, 0, 0]
2021-04-18 23:35:00,193 INFO [4, 0, 0, 2]
2021-04-18 23:35:00,193 INFO [0, 0, 0, 0]
2021-04-18 23:35:00,193 INFO # Step 12, : UP, Visit Count : [87, 160, 83, 70], Thinking Time : 1.8sec


2021-04-18 23:35:02,096 INFO [8, 2, 0, 2]
2021-04-18 23:35:02,096 INFO [16, 2, 0, 0]
2021-04-18 23:35:02,096 INFO [4, 0, 0, 0]
2021-04-18 23:35:02,096 INFO [0, 0, 0, 0]
2021-04-18 23:35:02,096 INFO # Step 13, : RIGHT, Visit Count : [153, 103, 82, 62], Thinking Time : 1.9sec


2021-04-18 23:35:03,798 INFO [0, 2, 8, 4]
2021-04-18 23:35:03,798 INFO [0, 0, 16, 2]
2021-04-18 23:35:03,798 INFO [0, 0, 0, 4]
2021-04-18 23:35:03,798 INFO [0, 0, 0, 0]
2021-04-18 23:35:03,798 INFO # Step 14, : LEFT, Visit Count : [296, 104], Thinking Time : 1.7sec


2021-04-18 23:35:05,437 INFO [2, 8, 4, 0]
2021-04-18 23:35:05,437 INFO [16, 2, 0, 0]
2021-04-18 23:35:05,437 INFO [4, 0, 0, 0]
2021-04-18 23:35:05,437 INFO [0, 4, 0, 0]
2021-04-18 23:35:05,437 INFO # Step 15, : UP, Visit Count : [102, 80, 133, 85], Thinking Time : 1.6sec


2021-04-18 23:35:06,709 INFO [2, 8, 4, 0]
2021-04-18 23:35:06,709 INFO [16, 2, 0, 0]
2021-04-18 23:35:06,709 INFO [4, 4, 0, 0]
2021-04-18 23:35:06,709 INFO [0, 2, 0, 0]
2021-04-18 23:35:06,709 INFO # Step 16, : RIGHT, Visit Count : [101, 197, 102], Thinking Time : 1.3sec


2021-04-18 23:35:07,884 INFO [0, 2, 8, 4]
2021-04-18 23:35:07,884 INFO [0, 0, 16, 2]
2021-04-18 23:35:07,884 INFO [0, 0, 0, 8]
2021-04-18 23:35:07,884 INFO [2, 0, 0, 2]
2021-04-18 23:35:07,884 INFO # Step 17, : RIGHT, Visit Count : [90, 74, 182, 54], Thinking Time : 1.2sec


2021-04-18 23:35:09,083 INFO [0, 2, 8, 4]
2021-04-18 23:35:09,084 INFO [4, 0, 16, 2]
2021-04-18 23:35:09,084 INFO [0, 0, 0, 8]
2021-04-18 23:35:09,084 INFO [0, 0, 0, 4]
2021-04-18 23:35:09,084 INFO # Step 18, : RIGHT, Visit Count : [120, 84, 142, 54], Thinking Time : 1.2sec


2021-04-18 23:35:10,510 INFO [0, 2, 8, 4]
2021-04-18 23:35:10,510 INFO [0, 4, 16, 2]
2021-04-18 23:35:10,510 INFO [0, 0, 2, 8]
2021-04-18 23:35:10,510 INFO [0, 0, 0, 4]
2021-04-18 23:35:10,510 INFO # Step 19, : LEFT, Visit Count : [284, 116], Thinking Time : 1.4sec


2021-04-18 23:35:12,201 INFO [2, 8, 4, 0]
2021-04-18 23:35:12,201 INFO [4, 16, 2, 0]
2021-04-18 23:35:12,201 INFO [2, 8, 0, 0]
2021-04-18 23:35:12,201 INFO [4, 2, 0, 0]
2021-04-18 23:35:12,201 INFO # Step 20, : DOWN, Visit Count : [220, 180], Thinking Time : 1.7sec


2021-04-18 23:35:13,603 INFO [2, 8, 0, 2]
2021-04-18 23:35:13,604 INFO [4, 16, 0, 0]
2021-04-18 23:35:13,604 INFO [2, 8, 4, 0]
2021-04-18 23:35:13,604 INFO [4, 2, 2, 0]
2021-04-18 23:35:13,604 INFO # Step 21, : UP, Visit Count : [91, 80, 73, 156], Thinking Time : 1.4sec


2021-04-18 23:35:14,921 INFO [2, 8, 4, 2]
2021-04-18 23:35:14,921 INFO [4, 16, 2, 0]
2021-04-18 23:35:14,921 INFO [2, 8, 2, 0]
2021-04-18 23:35:14,921 INFO [4, 2, 0, 0]
2021-04-18 23:35:14,921 INFO # Step 22, : UP, Visit Count : [139, 136, 125], Thinking Time : 1.3sec


2021-04-18 23:35:16,182 INFO [2, 8, 4, 2]
2021-04-18 23:35:16,182 INFO [4, 16, 4, 0]
2021-04-18 23:35:16,182 INFO [2, 8, 2, 0]
2021-04-18 23:35:16,183 INFO [4, 2, 0, 0]
2021-04-18 23:35:16,183 INFO # Step 23, : DOWN, Visit Count : [115, 125, 160], Thinking Time : 1.3sec


2021-04-18 23:35:17,598 INFO [2, 8, 0, 4]
2021-04-18 23:35:17,598 INFO [4, 16, 0, 0]
2021-04-18 23:35:17,598 INFO [2, 8, 8, 0]
2021-04-18 23:35:17,598 INFO [4, 2, 2, 2]
2021-04-18 23:35:17,598 INFO # Step 24, : UP, Visit Count : [101, 79, 130, 90], Thinking Time : 1.4sec


2021-04-18 23:35:18,985 INFO [2, 8, 8, 4]
2021-04-18 23:35:18,985 INFO [4, 16, 2, 2]
2021-04-18 23:35:18,985 INFO [2, 8, 2, 0]
2021-04-18 23:35:18,985 INFO [4, 2, 0, 0]
2021-04-18 23:35:18,985 INFO # Step 25, : DOWN, Visit Count : [76, 78, 133, 113], Thinking Time : 1.4sec


2021-04-18 23:35:20,380 INFO [2, 8, 0, 2]
2021-04-18 23:35:20,380 INFO [4, 16, 0, 0]
2021-04-18 23:35:20,380 INFO [2, 8, 8, 4]
2021-04-18 23:35:20,380 INFO [4, 2, 4, 2]
2021-04-18 23:35:20,380 INFO # Step 26, : DOWN, Visit Count : [90, 75, 144, 91], Thinking Time : 1.4sec


2021-04-18 23:35:21,804 INFO [2, 8, 0, 0]
2021-04-18 23:35:21,804 INFO [4, 16, 2, 2]
2021-04-18 23:35:21,804 INFO [2, 8, 8, 4]
2021-04-18 23:35:21,804 INFO [4, 2, 4, 2]
2021-04-18 23:35:21,804 INFO # Step 27, : LEFT, Visit Count : [126, 174, 100], Thinking Time : 1.4sec


2021-04-18 23:35:23,103 INFO [2, 8, 0, 2]
2021-04-18 23:35:23,103 INFO [4, 16, 4, 0]
2021-04-18 23:35:23,103 INFO [2, 16, 4, 0]
2021-04-18 23:35:23,103 INFO [4, 2, 4, 2]
2021-04-18 23:35:23,103 INFO # Step 28, : LEFT, Visit Count : [176, 75, 83, 66], Thinking Time : 1.3sec


2021-04-18 23:35:24,339 INFO [2, 8, 2, 0]
2021-04-18 23:35:24,339 INFO [4, 16, 4, 0]
2021-04-18 23:35:24,339 INFO [2, 16, 4, 2]
2021-04-18 23:35:24,339 INFO [4, 2, 4, 2]
2021-04-18 23:35:24,339 INFO # Step 29, : RIGHT, Visit Count : [158, 117, 125], Thinking Time : 1.2sec


2021-04-18 23:35:25,582 INFO [0, 2, 8, 2]
2021-04-18 23:35:25,582 INFO [2, 4, 16, 4]
2021-04-18 23:35:25,582 INFO [2, 16, 4, 2]
2021-04-18 23:35:25,582 INFO [4, 2, 4, 2]
2021-04-18 23:35:25,582 INFO # Step 30, : LEFT, Visit Count : [143, 179, 78], Thinking Time : 1.2sec


2021-04-18 23:35:26,818 INFO [2, 8, 2, 2]
2021-04-18 23:35:26,819 INFO [2, 4, 16, 4]
2021-04-18 23:35:26,819 INFO [2, 16, 4, 2]
2021-04-18 23:35:26,819 INFO [4, 2, 4, 2]
2021-04-18 23:35:26,819 INFO # Step 31, : UP, Visit Count : [84, 184, 79, 53], Thinking Time : 1.2sec


2021-04-18 23:35:28,094 INFO [4, 8, 2, 2]
2021-04-18 23:35:28,095 INFO [2, 4, 16, 4]
2021-04-18 23:35:28,095 INFO [4, 16, 8, 4]
2021-04-18 23:35:28,095 INFO [2, 2, 0, 0]
2021-04-18 23:35:28,095 INFO # Step 32, : RIGHT, Visit Count : [87, 74, 162, 77], Thinking Time : 1.3sec


2021-04-18 23:35:29,326 INFO [2, 4, 8, 4]
2021-04-18 23:35:29,326 INFO [2, 4, 16, 4]
2021-04-18 23:35:29,326 INFO [4, 16, 8, 4]
2021-04-18 23:35:29,326 INFO [0, 0, 0, 4]
2021-04-18 23:35:29,326 INFO # Step 33, : LEFT, Visit Count : [194, 127, 79], Thinking Time : 1.2sec


2021-04-18 23:35:30,565 INFO [2, 4, 8, 4]
2021-04-18 23:35:30,565 INFO [2, 4, 16, 4]
2021-04-18 23:35:30,565 INFO [4, 16, 8, 4]
2021-04-18 23:35:30,565 INFO [4, 0, 0, 2]
2021-04-18 23:35:30,565 INFO # Step 34, : LEFT, Visit Count : [157, 62, 88, 93], Thinking Time : 1.2sec


2021-04-18 23:35:31,801 INFO [2, 4, 8, 4]
2021-04-18 23:35:31,801 INFO [2, 4, 16, 4]
2021-04-18 23:35:31,801 INFO [4, 16, 8, 4]
2021-04-18 23:35:31,801 INFO [4, 2, 0, 2]
2021-04-18 23:35:31,801 INFO # Step 35, : DOWN, Visit Count : [86, 70, 75, 169], Thinking Time : 1.2sec


2021-04-18 23:35:33,059 INFO [0, 0, 2, 0]
2021-04-18 23:35:33,059 INFO [0, 8, 8, 4]
2021-04-18 23:35:33,059 INFO [4, 16, 16, 8]
2021-04-18 23:35:33,059 INFO [8, 2, 8, 2]
2021-04-18 23:35:33,059 INFO # Step 36, : UP, Visit Count : [105, 170, 125], Thinking Time : 1.3sec


2021-04-18 23:35:34,460 INFO [4, 8, 2, 4]
2021-04-18 23:35:34,460 INFO [8, 16, 8, 8]
2021-04-18 23:35:34,460 INFO [0, 2, 16, 2]
2021-04-18 23:35:34,460 INFO [2, 0, 8, 0]
2021-04-18 23:35:34,460 INFO # Step 37, : DOWN, Visit Count : [73, 108, 82, 137], Thinking Time : 1.4sec


2021-04-18 23:35:35,814 INFO [0, 0, 2, 2]
2021-04-18 23:35:35,814 INFO [4, 8, 8, 4]
2021-04-18 23:35:35,814 INFO [8, 16, 16, 8]
2021-04-18 23:35:35,814 INFO [2, 2, 8, 2]
2021-04-18 23:35:35,814 INFO # Step 38, : LEFT, Visit Count : [205, 91, 104], Thinking Time : 1.4sec


2021-04-18 23:35:37,198 INFO [4, 2, 0, 0]
2021-04-18 23:35:37,198 INFO [4, 16, 4, 0]
2021-04-18 23:35:37,198 INFO [8, 32, 8, 0]
2021-04-18 23:35:37,198 INFO [4, 8, 2, 0]
2021-04-18 23:35:37,198 INFO # Step 39, : RIGHT, Visit Count : [109, 183, 108], Thinking Time : 1.4sec


2021-04-18 23:35:38,664 INFO [0, 2, 4, 2]
2021-04-18 23:35:38,664 INFO [0, 4, 16, 4]
2021-04-18 23:35:38,664 INFO [0, 8, 32, 8]
2021-04-18 23:35:38,664 INFO [0, 4, 8, 2]
2021-04-18 23:35:38,664 INFO # Step 40, : LEFT, Visit Count : [400], Thinking Time : 1.5sec


2021-04-18 23:35:39,942 INFO [2, 4, 2, 2]
2021-04-18 23:35:39,943 INFO [4, 16, 4, 0]
2021-04-18 23:35:39,943 INFO [8, 32, 8, 0]
2021-04-18 23:35:39,943 INFO [4, 8, 2, 0]
2021-04-18 23:35:39,943 INFO # Step 41, : LEFT, Visit Count : [185, 98, 117], Thinking Time : 1.3sec


2021-04-18 23:35:41,226 INFO [2, 4, 4, 0]
2021-04-18 23:35:41,226 INFO [4, 16, 4, 0]
2021-04-18 23:35:41,226 INFO [8, 32, 8, 0]
2021-04-18 23:35:41,226 INFO [4, 8, 2, 2]
2021-04-18 23:35:41,226 INFO # Step 42, : DOWN, Visit Count : [100, 69, 86, 145], Thinking Time : 1.3sec


2021-04-18 23:35:42,467 INFO [2, 4, 0, 0]
2021-04-18 23:35:42,467 INFO [4, 16, 8, 2]
2021-04-18 23:35:42,467 INFO [8, 32, 8, 0]
2021-04-18 23:35:42,467 INFO [4, 8, 2, 2]
2021-04-18 23:35:42,467 INFO # Step 43, : DOWN, Visit Count : [76, 60, 105, 159], Thinking Time : 1.2sec


2021-04-18 23:35:43,706 INFO [2, 4, 0, 0]
2021-04-18 23:35:43,706 INFO [4, 16, 0, 2]
2021-04-18 23:35:43,706 INFO [8, 32, 16, 0]
2021-04-18 23:35:43,706 INFO [4, 8, 2, 4]
2021-04-18 23:35:43,706 INFO # Step 44, : RIGHT, Visit Count : [109, 106, 116, 69], Thinking Time : 1.2sec


2021-04-18 23:35:44,940 INFO [0, 0, 2, 4]
2021-04-18 23:35:44,940 INFO [0, 4, 16, 2]
2021-04-18 23:35:44,940 INFO [2, 8, 32, 16]
2021-04-18 23:35:44,940 INFO [4, 8, 2, 4]
2021-04-18 23:35:44,940 INFO # Step 45, : UP, Visit Count : [92, 217, 91], Thinking Time : 1.2sec


2021-04-18 23:35:46,172 INFO [2, 4, 2, 4]
2021-04-18 23:35:46,172 INFO [4, 16, 16, 2]
2021-04-18 23:35:46,172 INFO [0, 2, 32, 16]
2021-04-18 23:35:46,172 INFO [0, 0, 2, 4]
2021-04-18 23:35:46,173 INFO # Step 46, : LEFT, Visit Count : [166, 146, 88], Thinking Time : 1.2sec


2021-04-18 23:35:47,434 INFO [2, 4, 2, 4]
2021-04-18 23:35:47,434 INFO [4, 32, 2, 0]
2021-04-18 23:35:47,434 INFO [2, 32, 16, 0]
2021-04-18 23:35:47,434 INFO [2, 4, 0, 4]
2021-04-18 23:35:47,434 INFO # Step 47, : UP, Visit Count : [113, 124, 76, 87], Thinking Time : 1.3sec


2021-04-18 23:35:48,689 INFO [2, 4, 4, 8]
2021-04-18 23:35:48,689 INFO [4, 64, 16, 0]
2021-04-18 23:35:48,689 INFO [4, 4, 0, 0]
2021-04-18 23:35:48,689 INFO [2, 0, 0, 0]
2021-04-18 23:35:48,689 INFO # Step 48, : UP, Visit Count : [91, 112, 89, 108], Thinking Time : 1.3sec


2021-04-18 23:35:49,922 INFO [2, 4, 4, 8]
2021-04-18 23:35:49,922 INFO [8, 64, 16, 0]
2021-04-18 23:35:49,922 INFO [2, 4, 0, 0]
2021-04-18 23:35:49,922 INFO [0, 2, 0, 0]
2021-04-18 23:35:49,922 INFO # Step 49, : RIGHT, Visit Count : [137, 141, 122], Thinking Time : 1.2sec


2021-04-18 23:35:51,156 INFO [0, 2, 8, 8]
2021-04-18 23:35:51,156 INFO [0, 8, 64, 16]
2021-04-18 23:35:51,156 INFO [0, 0, 2, 4]
2021-04-18 23:35:51,156 INFO [0, 0, 2, 2]
2021-04-18 23:35:51,156 INFO # Step 50, : RIGHT, Visit Count : [86, 73, 185, 56], Thinking Time : 1.2sec


2021-04-18 23:35:52,386 INFO [0, 0, 2, 16]
2021-04-18 23:35:52,386 INFO [0, 8, 64, 16]
2021-04-18 23:35:52,386 INFO [0, 0, 2, 4]
2021-04-18 23:35:52,386 INFO [0, 0, 4, 4]
2021-04-18 23:35:52,386 INFO # Step 51, : RIGHT, Visit Count : [65, 76, 185, 74], Thinking Time : 1.2sec


2021-04-18 23:35:53,644 INFO [0, 0, 2, 16]
2021-04-18 23:35:53,644 INFO [0, 8, 64, 16]
2021-04-18 23:35:53,644 INFO [0, 0, 2, 4]
2021-04-18 23:35:53,644 INFO [0, 2, 0, 8]
2021-04-18 23:35:53,644 INFO # Step 52, : DOWN, Visit Count : [60, 103, 96, 141], Thinking Time : 1.3sec


2021-04-18 23:35:54,867 INFO [2, 0, 0, 0]
2021-04-18 23:35:54,867 INFO [0, 0, 2, 32]
2021-04-18 23:35:54,868 INFO [0, 8, 64, 4]
2021-04-18 23:35:54,868 INFO [0, 2, 2, 8]
2021-04-18 23:35:54,868 INFO # Step 53, : RIGHT, Visit Count : [103, 95, 133, 69], Thinking Time : 1.2sec


2021-04-18 23:35:56,101 INFO [0, 0, 0, 2]
2021-04-18 23:35:56,101 INFO [2, 0, 2, 32]
2021-04-18 23:35:56,101 INFO [0, 8, 64, 4]
2021-04-18 23:35:56,101 INFO [0, 0, 4, 8]
2021-04-18 23:35:56,101 INFO # Step 54, : UP, Visit Count : [78, 149, 83, 90], Thinking Time : 1.2sec


2021-04-18 23:35:57,338 INFO [2, 8, 2, 2]
2021-04-18 23:35:57,338 INFO [2, 0, 64, 32]
2021-04-18 23:35:57,338 INFO [0, 0, 4, 4]
2021-04-18 23:35:57,338 INFO [0, 0, 0, 8]
2021-04-18 23:35:57,338 INFO # Step 55, : LEFT, Visit Count : [163, 77, 90, 70], Thinking Time : 1.2sec


2021-04-18 23:35:58,604 INFO [2, 8, 4, 0]
2021-04-18 23:35:58,604 INFO [2, 64, 32, 2]
2021-04-18 23:35:58,604 INFO [8, 0, 0, 0]
2021-04-18 23:35:58,604 INFO [8, 0, 0, 0]
2021-04-18 23:35:58,604 INFO # Step 56, : UP, Visit Count : [145, 141, 114], Thinking Time : 1.3sec


2021-04-18 23:35:59,997 INFO [4, 8, 4, 2]
2021-04-18 23:35:59,997 INFO [16, 64, 32, 0]
2021-04-18 23:35:59,997 INFO [0, 0, 0, 0]
2021-04-18 23:35:59,997 INFO [0, 0, 2, 0]
2021-04-18 23:35:59,998 INFO # Step 57, : RIGHT, Visit Count : [85, 94, 119, 102], Thinking Time : 1.4sec


2021-04-18 23:36:01,378 INFO [4, 8, 4, 2]
2021-04-18 23:36:01,378 INFO [0, 16, 64, 32]
2021-04-18 23:36:01,378 INFO [0, 0, 0, 0]
2021-04-18 23:36:01,378 INFO [0, 2, 0, 2]
2021-04-18 23:36:01,378 INFO # Step 58, : UP, Visit Count : [86, 158, 103, 53], Thinking Time : 1.4sec


2021-04-18 23:36:02,742 INFO [4, 8, 4, 2]
2021-04-18 23:36:02,742 INFO [0, 16, 64, 32]
2021-04-18 23:36:02,742 INFO [0, 2, 0, 2]
2021-04-18 23:36:02,742 INFO [0, 0, 0, 2]
2021-04-18 23:36:02,743 INFO # Step 59, : UP, Visit Count : [115, 135, 93, 57], Thinking Time : 1.4sec


2021-04-18 23:36:04,154 INFO [4, 8, 4, 2]
2021-04-18 23:36:04,154 INFO [2, 16, 64, 32]
2021-04-18 23:36:04,155 INFO [0, 2, 0, 4]
2021-04-18 23:36:04,155 INFO [0, 0, 0, 0]
2021-04-18 23:36:04,155 INFO # Step 60, : RIGHT, Visit Count : [96, 228, 76], Thinking Time : 1.4sec


2021-04-18 23:36:05,631 INFO [4, 8, 4, 2]
2021-04-18 23:36:05,631 INFO [2, 16, 64, 32]
2021-04-18 23:36:05,631 INFO [0, 0, 2, 4]
2021-04-18 23:36:05,631 INFO [0, 2, 0, 0]
2021-04-18 23:36:05,631 INFO # Step 61, : LEFT, Visit Count : [165, 84, 86, 65], Thinking Time : 1.5sec


2021-04-18 23:36:07,126 INFO [4, 8, 4, 2]
2021-04-18 23:36:07,127 INFO [2, 16, 64, 32]
2021-04-18 23:36:07,127 INFO [2, 4, 0, 0]
2021-04-18 23:36:07,127 INFO [2, 0, 0, 2]
2021-04-18 23:36:07,127 INFO # Step 62, : LEFT, Visit Count : [166, 82, 86, 66], Thinking Time : 1.5sec


2021-04-18 23:36:08,414 INFO [4, 8, 4, 2]
2021-04-18 23:36:08,414 INFO [2, 16, 64, 32]
2021-04-18 23:36:08,414 INFO [2, 4, 0, 0]
2021-04-18 23:36:08,415 INFO [4, 0, 0, 2]
2021-04-18 23:36:08,415 INFO # Step 63, : RIGHT, Visit Count : [76, 87, 173, 64], Thinking Time : 1.3sec


2021-04-18 23:36:09,641 INFO [4, 8, 4, 2]
2021-04-18 23:36:09,641 INFO [2, 16, 64, 32]
2021-04-18 23:36:09,641 INFO [4, 0, 2, 4]
2021-04-18 23:36:09,641 INFO [0, 0, 4, 2]
2021-04-18 23:36:09,641 INFO # Step 64, : DOWN, Visit Count : [107, 126, 167], Thinking Time : 1.2sec


2021-04-18 23:36:10,885 INFO [0, 2, 4, 2]
2021-04-18 23:36:10,885 INFO [4, 0, 64, 32]
2021-04-18 23:36:10,885 INFO [2, 8, 2, 4]
2021-04-18 23:36:10,885 INFO [4, 16, 4, 2]
2021-04-18 23:36:10,885 INFO # Step 65, : RIGHT, Visit Count : [82, 101, 134, 83], Thinking Time : 1.2sec


2021-04-18 23:36:12,138 INFO [0, 2, 4, 2]
2021-04-18 23:36:12,138 INFO [2, 4, 64, 32]
2021-04-18 23:36:12,138 INFO [2, 8, 2, 4]
2021-04-18 23:36:12,138 INFO [4, 16, 4, 2]
2021-04-18 23:36:12,138 INFO # Step 66, : DOWN, Visit Count : [120, 107, 173], Thinking Time : 1.3sec


2021-04-18 23:36:13,377 INFO [4, 2, 4, 2]
2021-04-18 23:36:13,377 INFO [0, 4, 64, 32]
2021-04-18 23:36:13,377 INFO [4, 8, 2, 4]
2021-04-18 23:36:13,377 INFO [4, 16, 4, 2]
2021-04-18 23:36:13,377 INFO # Step 67, : LEFT, Visit Count : [146, 129, 125], Thinking Time : 1.2sec


2021-04-18 23:36:14,651 INFO [4, 2, 4, 2]
2021-04-18 23:36:14,651 INFO [4, 64, 32, 2]
2021-04-18 23:36:14,651 INFO [4, 8, 2, 4]
2021-04-18 23:36:14,651 INFO [4, 16, 4, 2]
2021-04-18 23:36:14,651 INFO # Step 68, : UP, Visit Count : [234, 166], Thinking Time : 1.3sec


2021-04-18 23:36:15,903 INFO [8, 2, 4, 4]
2021-04-18 23:36:15,903 INFO [8, 64, 32, 4]
2021-04-18 23:36:15,903 INFO [0, 8, 2, 2]
2021-04-18 23:36:15,903 INFO [2, 16, 4, 0]
2021-04-18 23:36:15,903 INFO # Step 69, : DOWN, Visit Count : [100, 82, 85, 133], Thinking Time : 1.3sec


2021-04-18 23:36:17,306 INFO [0, 2, 4, 4]
2021-04-18 23:36:17,307 INFO [0, 64, 32, 0]
2021-04-18 23:36:17,307 INFO [16, 8, 2, 8]
2021-04-18 23:36:17,307 INFO [2, 16, 4, 2]
2021-04-18 23:36:17,307 INFO # Step 70, : RIGHT, Visit Count : [85, 64, 174, 77], Thinking Time : 1.4sec


2021-04-18 23:36:18,680 INFO [0, 0, 2, 8]
2021-04-18 23:36:18,680 INFO [2, 0, 64, 32]
2021-04-18 23:36:18,680 INFO [16, 8, 2, 8]
2021-04-18 23:36:18,680 INFO [2, 16, 4, 2]
2021-04-18 23:36:18,680 INFO # Step 71, : RIGHT, Visit Count : [140, 85, 175], Thinking Time : 1.4sec


2021-04-18 23:36:20,032 INFO [2, 0, 2, 8]
2021-04-18 23:36:20,032 INFO [0, 2, 64, 32]
2021-04-18 23:36:20,032 INFO [16, 8, 2, 8]
2021-04-18 23:36:20,033 INFO [2, 16, 4, 2]
2021-04-18 23:36:20,033 INFO # Step 72, : RIGHT, Visit Count : [78, 74, 188, 60], Thinking Time : 1.4sec


2021-04-18 23:36:21,394 INFO [0, 0, 4, 8]
2021-04-18 23:36:21,394 INFO [2, 2, 64, 32]
2021-04-18 23:36:21,394 INFO [16, 8, 2, 8]
2021-04-18 23:36:21,394 INFO [2, 16, 4, 2]
2021-04-18 23:36:21,394 INFO # Step 73, : LEFT, Visit Count : [162, 99, 139], Thinking Time : 1.4sec


2021-04-18 23:36:22,604 INFO [4, 8, 0, 2]
2021-04-18 23:36:22,604 INFO [4, 64, 32, 0]
2021-04-18 23:36:22,604 INFO [16, 8, 2, 8]
2021-04-18 23:36:22,604 INFO [2, 16, 4, 2]
2021-04-18 23:36:22,604 INFO # Step 74, : UP, Visit Count : [87, 146, 89, 78], Thinking Time : 1.2sec


2021-04-18 23:36:23,843 INFO [8, 8, 32, 2]
2021-04-18 23:36:23,843 INFO [16, 64, 2, 8]
2021-04-18 23:36:23,843 INFO [2, 8, 4, 2]
2021-04-18 23:36:23,843 INFO [0, 16, 0, 2]
2021-04-18 23:36:23,843 INFO # Step 75, : DOWN, Visit Count : [92, 76, 86, 146], Thinking Time : 1.2sec


2021-04-18 23:36:25,102 INFO [0, 8, 2, 0]
2021-04-18 23:36:25,102 INFO [8, 64, 32, 2]
2021-04-18 23:36:25,102 INFO [16, 8, 2, 8]
2021-04-18 23:36:25,102 INFO [2, 16, 4, 4]
2021-04-18 23:36:25,102 INFO # Step 76, : LEFT, Visit Count : [173, 101, 126], Thinking Time : 1.3sec


2021-04-18 23:36:26,363 INFO [8, 2, 2, 0]
2021-04-18 23:36:26,363 INFO [8, 64, 32, 2]
2021-04-18 23:36:26,363 INFO [16, 8, 2, 8]
2021-04-18 23:36:26,363 INFO [2, 16, 8, 0]
2021-04-18 23:36:26,364 INFO # Step 77, : LEFT, Visit Count : [161, 84, 65, 90], Thinking Time : 1.3sec


2021-04-18 23:36:27,629 INFO [8, 4, 0, 0]
2021-04-18 23:36:27,629 INFO [8, 64, 32, 2]
2021-04-18 23:36:27,629 INFO [16, 8, 2, 8]
2021-04-18 23:36:27,629 INFO [2, 16, 8, 2]
2021-04-18 23:36:27,629 INFO # Step 78, : DOWN, Visit Count : [68, 81, 251], Thinking Time : 1.3sec


2021-04-18 23:36:28,874 INFO [0, 4, 0, 2]
2021-04-18 23:36:28,874 INFO [16, 64, 32, 2]
2021-04-18 23:36:28,874 INFO [16, 8, 2, 8]
2021-04-18 23:36:28,874 INFO [2, 16, 8, 2]
2021-04-18 23:36:28,874 INFO # Step 79, : LEFT, Visit Count : [136, 69, 118, 77], Thinking Time : 1.2sec


2021-04-18 23:36:30,113 INFO [4, 2, 2, 0]
2021-04-18 23:36:30,113 INFO [16, 64, 32, 2]
2021-04-18 23:36:30,113 INFO [16, 8, 2, 8]
2021-04-18 23:36:30,113 INFO [2, 16, 8, 2]
2021-04-18 23:36:30,113 INFO # Step 80, : LEFT, Visit Count : [156, 94, 84, 66], Thinking Time : 1.2sec


2021-04-18 23:36:31,340 INFO [4, 4, 2, 0]
2021-04-18 23:36:31,340 INFO [16, 64, 32, 2]
2021-04-18 23:36:31,340 INFO [16, 8, 2, 8]
2021-04-18 23:36:31,340 INFO [2, 16, 8, 2]
2021-04-18 23:36:31,340 INFO # Step 81, : UP, Visit Count : [99, 112, 109, 80], Thinking Time : 1.2sec


2021-04-18 23:36:32,596 INFO [4, 4, 2, 2]
2021-04-18 23:36:32,596 INFO [32, 64, 32, 8]
2021-04-18 23:36:32,596 INFO [2, 8, 2, 2]
2021-04-18 23:36:32,596 INFO [0, 16, 8, 2]
2021-04-18 23:36:32,596 INFO # Step 82, : LEFT, Visit Count : [168, 106, 67, 59], Thinking Time : 1.3sec


2021-04-18 23:36:33,833 INFO [8, 4, 0, 2]
2021-04-18 23:36:33,833 INFO [32, 64, 32, 8]
2021-04-18 23:36:33,833 INFO [2, 8, 4, 0]
2021-04-18 23:36:33,833 INFO [16, 8, 2, 0]
2021-04-18 23:36:33,833 INFO # Step 83, : LEFT, Visit Count : [176, 86, 86, 52], Thinking Time : 1.2sec


2021-04-18 23:36:35,095 INFO [8, 4, 2, 0]
2021-04-18 23:36:35,095 INFO [32, 64, 32, 8]
2021-04-18 23:36:35,095 INFO [2, 8, 4, 0]
2021-04-18 23:36:35,095 INFO [16, 8, 2, 2]
2021-04-18 23:36:35,095 INFO # Step 84, : RIGHT, Visit Count : [98, 113, 128, 61], Thinking Time : 1.3sec


2021-04-18 23:36:36,338 INFO [0, 8, 4, 2]
2021-04-18 23:36:36,338 INFO [32, 64, 32, 8]
2021-04-18 23:36:36,338 INFO [2, 2, 8, 4]
2021-04-18 23:36:36,338 INFO [0, 16, 8, 4]
2021-04-18 23:36:36,338 INFO # Step 85, : LEFT, Visit Count : [151, 77, 107, 65], Thinking Time : 1.2sec


2021-04-18 23:36:37,608 INFO [8, 4, 2, 0]
2021-04-18 23:36:37,608 INFO [32, 64, 32, 8]
2021-04-18 23:36:37,608 INFO [4, 8, 4, 0]
2021-04-18 23:36:37,608 INFO [16, 8, 4, 2]
2021-04-18 23:36:37,608 INFO # Step 86, : UP, Visit Count : [228, 107, 65], Thinking Time : 1.3sec


2021-04-18 23:36:38,853 INFO [8, 4, 2, 8]
2021-04-18 23:36:38,853 INFO [32, 64, 32, 2]
2021-04-18 23:36:38,853 INFO [4, 16, 8, 0]
2021-04-18 23:36:38,853 INFO [16, 0, 2, 0]
2021-04-18 23:36:38,853 INFO # Step 87, : LEFT, Visit Count : [160, 105, 135], Thinking Time : 1.2sec


2021-04-18 23:36:40,080 INFO [8, 4, 2, 8]
2021-04-18 23:36:40,080 INFO [32, 64, 32, 2]
2021-04-18 23:36:40,080 INFO [4, 16, 8, 0]
2021-04-18 23:36:40,080 INFO [16, 2, 0, 2]
2021-04-18 23:36:40,080 INFO # Step 88, : UP, Visit Count : [109, 121, 76, 94], Thinking Time : 1.2sec


2021-04-18 23:36:41,308 INFO [8, 4, 2, 8]
2021-04-18 23:36:41,308 INFO [32, 64, 32, 4]
2021-04-18 23:36:41,308 INFO [4, 16, 8, 2]
2021-04-18 23:36:41,308 INFO [16, 2, 0, 0]
2021-04-18 23:36:41,308 INFO # Step 89, : DOWN, Visit Count : [195, 205], Thinking Time : 1.2sec


2021-04-18 23:36:42,515 INFO [8, 4, 2, 0]
2021-04-18 23:36:42,515 INFO [32, 64, 2, 8]
2021-04-18 23:36:42,515 INFO [4, 16, 32, 4]
2021-04-18 23:36:42,515 INFO [16, 2, 8, 2]
2021-04-18 23:36:42,515 INFO # Step 90, : RIGHT, Visit Count : [142, 154, 104], Thinking Time : 1.2sec


2021-04-19 00:04:31,947 INFO EPISODE 20 ##########
2021-04-19 00:04:31,948 INFO ########################
2021-04-19 00:04:31,948 INFO ########################
2021-04-19 00:04:31,948 INFO ########################
2021-04-19 00:04:33,470 INFO [0, 0, 0, 0]
2021-04-19 00:04:33,470 INFO [0, 0, 2, 0]
2021-04-19 00:04:33,470 INFO [0, 0, 0, 4]
2021-04-19 00:04:33,470 INFO [0, 0, 0, 0]
2021-04-19 00:04:33,470 INFO # Step 0, : UP, Visit Count : [114, 121, 89, 76], Thinking Time : 1.5sec


2021-04-19 00:04:35,010 INFO [0, 0, 2, 4]
2021-04-19 00:04:35,010 INFO [0, 0, 0, 0]
2021-04-19 00:04:35,011 INFO [0, 2, 0, 0]
2021-04-19 00:04:35,011 INFO [0, 0, 0, 0]
2021-04-19 00:04:35,011 INFO # Step 1, : UP, Visit Count : [78, 118, 75, 129], Thinking Time : 1.5sec


2021-04-19 00:04:36,542 INFO [0, 2, 2, 4]
2021-04-19 00:04:36,542 INFO [0, 0, 2, 0]
2021-04-19 00:04:36,543 INFO [0, 0, 0, 0]
2021-04-19 00:04:36,543 INFO [0, 0, 0, 0]
2021-04-19 00:04:36,543 INFO # Step 2, : RIGHT, Visit Count : [122, 101, 108, 69], Thinking Time : 1.5sec


2021-04-19 00:04:38,115 INFO [0, 0, 4, 4]
2021-04-19 00:04:38,115 INFO [0, 0, 0, 2]
2021-04-19 00:04:38,115 INFO [0, 2, 0, 0]
2021-04-19 00:04:38,115 INFO [0, 0, 0, 0]
2021-04-19 00:04:38,116 INFO # Step 3, : DOWN, Visit Count : [74, 101, 156, 69], Thinking Time : 1.6sec


2021-04-19 00:04:39,684 INFO [0, 0, 0, 0]
2021-04-19 00:04:39,684 INFO [0, 0, 2, 0]
2021-04-19 00:04:39,684 INFO [0, 0, 0, 4]
2021-04-19 00:04:39,684 INFO [0, 2, 4, 2]
2021-04-19 00:04:39,684 INFO # Step 4, : DOWN, Visit Count : [71, 95, 139, 95], Thinking Time : 1.6sec


2021-04-19 00:04:41,147 INFO [0, 0, 0, 2]
2021-04-19 00:04:41,147 INFO [0, 0, 0, 0]
2021-04-19 00:04:41,147 INFO [0, 0, 2, 4]
2021-04-19 00:04:41,147 INFO [0, 2, 4, 2]
2021-04-19 00:04:41,147 INFO # Step 5, : DOWN, Visit Count : [127, 131, 142], Thinking Time : 1.5sec


2021-04-19 00:04:42,650 INFO [0, 0, 0, 0]
2021-04-19 00:04:42,650 INFO [0, 0, 0, 2]
2021-04-19 00:04:42,650 INFO [0, 0, 2, 4]
2021-04-19 00:04:42,650 INFO [2, 2, 4, 2]
2021-04-19 00:04:42,650 INFO # Step 6, : UP, Visit Count : [167, 129, 104], Thinking Time : 1.5sec


2021-04-19 00:04:44,170 INFO [2, 2, 2, 2]
2021-04-19 00:04:44,171 INFO [0, 0, 4, 4]
2021-04-19 00:04:44,171 INFO [0, 0, 0, 2]
2021-04-19 00:04:44,171 INFO [0, 0, 0, 2]
2021-04-19 00:04:44,171 INFO # Step 7, : DOWN, Visit Count : [71, 163, 91, 75], Thinking Time : 1.5sec


2021-04-19 00:04:45,655 INFO [0, 0, 2, 0]
2021-04-19 00:04:45,655 INFO [0, 0, 0, 2]
2021-04-19 00:04:45,655 INFO [0, 0, 2, 4]
2021-04-19 00:04:45,655 INFO [2, 2, 4, 4]
2021-04-19 00:04:45,655 INFO # Step 8, : DOWN, Visit Count : [80, 114, 72, 134], Thinking Time : 1.5sec


2021-04-19 00:04:47,091 INFO [0, 2, 0, 0]
2021-04-19 00:04:47,091 INFO [0, 0, 0, 0]
2021-04-19 00:04:47,091 INFO [0, 0, 4, 2]
2021-04-19 00:04:47,091 INFO [2, 2, 4, 8]
2021-04-19 00:04:47,091 INFO # Step 9, : RIGHT, Visit Count : [70, 85, 146, 99], Thinking Time : 1.4sec


2021-04-19 00:04:48,534 INFO [0, 2, 0, 2]
2021-04-19 00:04:48,534 INFO [0, 0, 0, 0]
2021-04-19 00:04:48,534 INFO [0, 0, 4, 2]
2021-04-19 00:04:48,534 INFO [0, 4, 4, 8]
2021-04-19 00:04:48,534 INFO # Step 10, : DOWN, Visit Count : [125, 99, 97, 79], Thinking Time : 1.4sec


2021-04-19 00:04:50,015 INFO [0, 0, 0, 2]
2021-04-19 00:04:50,016 INFO [0, 0, 0, 0]
2021-04-19 00:04:50,016 INFO [0, 2, 0, 4]
2021-04-19 00:04:50,016 INFO [0, 4, 8, 8]
2021-04-19 00:04:50,016 INFO # Step 11, : LEFT, Visit Count : [144, 88, 89, 79], Thinking Time : 1.5sec


2021-04-19 00:04:51,477 INFO [2, 0, 2, 0]
2021-04-19 00:04:51,477 INFO [0, 0, 0, 0]
2021-04-19 00:04:51,477 INFO [2, 4, 0, 0]
2021-04-19 00:04:51,477 INFO [4, 16, 0, 0]
2021-04-19 00:04:51,477 INFO # Step 12, : UP, Visit Count : [76, 81, 64, 179], Thinking Time : 1.5sec


2021-04-19 00:04:52,998 INFO [4, 4, 2, 0]
2021-04-19 00:04:52,998 INFO [4, 16, 2, 0]
2021-04-19 00:04:52,998 INFO [0, 0, 0, 0]
2021-04-19 00:04:52,998 INFO [0, 0, 0, 0]
2021-04-19 00:04:52,998 INFO # Step 13, : UP, Visit Count : [72, 109, 77, 142], Thinking Time : 1.5sec


2021-04-19 00:04:54,637 INFO [8, 4, 4, 0]
2021-04-19 00:04:54,637 INFO [0, 16, 2, 0]
2021-04-19 00:04:54,638 INFO [0, 0, 0, 0]
2021-04-19 00:04:54,638 INFO [0, 0, 0, 0]
2021-04-19 00:04:54,638 INFO # Step 14, : DOWN, Visit Count : [164, 104, 132], Thinking Time : 1.6sec


2021-04-19 00:04:56,407 INFO [2, 0, 0, 0]
2021-04-19 00:04:56,407 INFO [0, 0, 0, 0]
2021-04-19 00:04:56,407 INFO [0, 4, 4, 0]
2021-04-19 00:04:56,407 INFO [8, 16, 2, 0]
2021-04-19 00:04:56,407 INFO # Step 15, : UP, Visit Count : [126, 125, 66, 83], Thinking Time : 1.8sec


2021-04-19 00:04:58,200 INFO [2, 4, 4, 0]
2021-04-19 00:04:58,200 INFO [8, 16, 2, 0]
2021-04-19 00:04:58,200 INFO [0, 0, 0, 0]
2021-04-19 00:04:58,200 INFO [0, 0, 0, 4]
2021-04-19 00:04:58,201 INFO # Step 16, : RIGHT, Visit Count : [120, 132, 76, 72], Thinking Time : 1.8sec


2021-04-19 00:04:59,950 INFO [0, 0, 2, 8]
2021-04-19 00:04:59,950 INFO [2, 8, 16, 2]
2021-04-19 00:04:59,950 INFO [0, 0, 0, 0]
2021-04-19 00:04:59,950 INFO [0, 0, 0, 4]
2021-04-19 00:04:59,951 INFO # Step 17, : UP, Visit Count : [175, 134, 91], Thinking Time : 1.8sec


2021-04-19 00:05:01,576 INFO [2, 8, 2, 8]
2021-04-19 00:05:01,576 INFO [0, 0, 16, 2]
2021-04-19 00:05:01,576 INFO [0, 0, 0, 4]
2021-04-19 00:05:01,576 INFO [0, 0, 4, 0]
2021-04-19 00:05:01,576 INFO # Step 18, : UP, Visit Count : [108, 150, 78, 64], Thinking Time : 1.6sec


2021-04-19 00:05:03,231 INFO [2, 8, 2, 8]
2021-04-19 00:05:03,231 INFO [0, 0, 16, 2]
2021-04-19 00:05:03,231 INFO [0, 0, 4, 4]
2021-04-19 00:05:03,231 INFO [2, 0, 0, 0]
2021-04-19 00:05:03,231 INFO # Step 19, : DOWN, Visit Count : [88, 138, 83, 91], Thinking Time : 1.7sec


2021-04-19 00:05:04,892 INFO [4, 0, 0, 0]
2021-04-19 00:05:04,892 INFO [0, 0, 2, 8]
2021-04-19 00:05:04,892 INFO [0, 0, 16, 2]
2021-04-19 00:05:04,892 INFO [4, 8, 4, 4]
2021-04-19 00:05:04,892 INFO # Step 20, : UP, Visit Count : [68, 106, 125, 101], Thinking Time : 1.7sec


2021-04-19 00:05:06,691 INFO [8, 8, 2, 8]
2021-04-19 00:05:06,691 INFO [0, 0, 16, 2]
2021-04-19 00:05:06,691 INFO [0, 2, 4, 4]
2021-04-19 00:05:06,691 INFO [0, 0, 0, 0]
2021-04-19 00:05:06,691 INFO # Step 21, : UP, Visit Count : [129, 121, 81, 69], Thinking Time : 1.8sec


2021-04-19 00:05:08,313 INFO [8, 8, 2, 8]
2021-04-19 00:05:08,314 INFO [0, 2, 16, 2]
2021-04-19 00:05:08,314 INFO [0, 0, 4, 4]
2021-04-19 00:05:08,314 INFO [2, 0, 0, 0]
2021-04-19 00:05:08,314 INFO # Step 22, : UP, Visit Count : [146, 106, 78, 70], Thinking Time : 1.6sec


2021-04-19 00:05:09,890 INFO [8, 8, 2, 8]
2021-04-19 00:05:09,890 INFO [2, 2, 16, 2]
2021-04-19 00:05:09,890 INFO [0, 0, 4, 4]
2021-04-19 00:05:09,890 INFO [0, 2, 0, 0]
2021-04-19 00:05:09,890 INFO # Step 23, : UP, Visit Count : [76, 174, 84, 66], Thinking Time : 1.6sec


2021-04-19 00:05:11,448 INFO [8, 8, 2, 8]
2021-04-19 00:05:11,448 INFO [2, 4, 16, 2]
2021-04-19 00:05:11,448 INFO [0, 2, 4, 4]
2021-04-19 00:05:11,448 INFO [0, 0, 0, 0]
2021-04-19 00:05:11,448 INFO # Step 24, : LEFT, Visit Count : [117, 194, 89], Thinking Time : 1.6sec


2021-04-19 00:05:12,984 INFO [16, 2, 8, 0]
2021-04-19 00:05:12,984 INFO [2, 4, 16, 2]
2021-04-19 00:05:12,984 INFO [2, 8, 0, 0]
2021-04-19 00:05:12,984 INFO [0, 0, 0, 2]
2021-04-19 00:05:12,984 INFO # Step 25, : RIGHT, Visit Count : [118, 86, 121, 75], Thinking Time : 1.5sec


2021-04-19 00:05:14,557 INFO [0, 16, 2, 8]
2021-04-19 00:05:14,557 INFO [2, 4, 16, 2]
2021-04-19 00:05:14,557 INFO [0, 0, 2, 8]
2021-04-19 00:05:14,557 INFO [2, 0, 0, 2]
2021-04-19 00:05:14,557 INFO # Step 26, : UP, Visit Count : [100, 95, 99, 106], Thinking Time : 1.6sec


2021-04-19 00:05:16,224 INFO [4, 16, 2, 8]
2021-04-19 00:05:16,224 INFO [0, 4, 16, 2]
2021-04-19 00:05:16,224 INFO [0, 0, 2, 8]
2021-04-19 00:05:16,224 INFO [0, 0, 2, 2]
2021-04-19 00:05:16,224 INFO # Step 27, : UP, Visit Count : [93, 116, 101, 90], Thinking Time : 1.7sec


2021-04-19 00:05:17,972 INFO [4, 16, 2, 8]
2021-04-19 00:05:17,972 INFO [0, 4, 16, 2]
2021-04-19 00:05:17,972 INFO [0, 0, 4, 8]
2021-04-19 00:05:17,972 INFO [0, 2, 0, 2]
2021-04-19 00:05:17,972 INFO # Step 28, : LEFT, Visit Count : [126, 97, 107, 70], Thinking Time : 1.7sec


2021-04-19 00:05:19,647 INFO [4, 16, 2, 8]
2021-04-19 00:05:19,647 INFO [4, 16, 2, 0]
2021-04-19 00:05:19,647 INFO [4, 8, 0, 0]
2021-04-19 00:05:19,647 INFO [4, 0, 0, 2]
2021-04-19 00:05:19,647 INFO # Step 29, : UP, Visit Count : [74, 139, 76, 111], Thinking Time : 1.7sec


2021-04-19 00:05:21,298 INFO [8, 32, 4, 8]
2021-04-19 00:05:21,299 INFO [8, 8, 0, 2]
2021-04-19 00:05:21,299 INFO [0, 0, 0, 0]
2021-04-19 00:05:21,299 INFO [0, 4, 0, 0]
2021-04-19 00:05:21,299 INFO # Step 30, : UP, Visit Count : [69, 98, 126, 107], Thinking Time : 1.7sec


2021-04-19 00:05:22,944 INFO [16, 32, 4, 8]
2021-04-19 00:05:22,945 INFO [2, 8, 0, 2]
2021-04-19 00:05:22,945 INFO [0, 4, 0, 0]
2021-04-19 00:05:22,945 INFO [0, 0, 0, 0]
2021-04-19 00:05:22,945 INFO # Step 31, : RIGHT, Visit Count : [97, 160, 143], Thinking Time : 1.6sec


2021-04-19 00:05:24,514 INFO [16, 32, 4, 8]
2021-04-19 00:05:24,514 INFO [0, 2, 8, 2]
2021-04-19 00:05:24,514 INFO [0, 0, 0, 4]
2021-04-19 00:05:24,514 INFO [0, 4, 0, 0]
2021-04-19 00:05:24,514 INFO # Step 32, : DOWN, Visit Count : [68, 98, 98, 136], Thinking Time : 1.6sec


2021-04-19 00:05:26,026 INFO [0, 4, 0, 0]
2021-04-19 00:05:26,026 INFO [0, 32, 0, 8]
2021-04-19 00:05:26,026 INFO [0, 2, 4, 2]
2021-04-19 00:05:26,026 INFO [16, 4, 8, 4]
2021-04-19 00:05:26,026 INFO # Step 33, : UP, Visit Count : [148, 166, 86], Thinking Time : 1.5sec


2021-04-19 00:05:27,593 INFO [16, 4, 4, 8]
2021-04-19 00:05:27,593 INFO [0, 32, 8, 2]
2021-04-19 00:05:27,593 INFO [0, 2, 0, 4]
2021-04-19 00:05:27,593 INFO [0, 4, 0, 2]
2021-04-19 00:05:27,594 INFO # Step 34, : RIGHT, Visit Count : [111, 151, 138], Thinking Time : 1.6sec


2021-04-19 00:05:29,074 INFO [0, 16, 8, 8]
2021-04-19 00:05:29,074 INFO [0, 32, 8, 2]
2021-04-19 00:05:29,074 INFO [0, 0, 2, 4]
2021-04-19 00:05:29,074 INFO [0, 2, 4, 2]
2021-04-19 00:05:29,074 INFO # Step 35, : LEFT, Visit Count : [129, 86, 86, 99], Thinking Time : 1.5sec


2021-04-19 00:05:30,561 INFO [16, 16, 2, 0]
2021-04-19 00:05:30,562 INFO [32, 8, 2, 0]
2021-04-19 00:05:30,562 INFO [2, 4, 0, 0]
2021-04-19 00:05:30,562 INFO [2, 4, 2, 0]
2021-04-19 00:05:30,562 INFO # Step 36, : UP, Visit Count : [113, 139, 72, 76], Thinking Time : 1.5sec


2021-04-19 00:05:32,052 INFO [16, 16, 4, 0]
2021-04-19 00:05:32,052 INFO [32, 8, 2, 0]
2021-04-19 00:05:32,052 INFO [4, 8, 0, 2]
2021-04-19 00:05:32,052 INFO [0, 0, 0, 0]
2021-04-19 00:05:32,052 INFO # Step 37, : LEFT, Visit Count : [146, 101, 72, 81], Thinking Time : 1.5sec


2021-04-19 00:05:33,516 INFO [32, 4, 0, 0]
2021-04-19 00:05:33,516 INFO [32, 8, 2, 0]
2021-04-19 00:05:33,516 INFO [4, 8, 2, 0]
2021-04-19 00:05:33,516 INFO [0, 2, 0, 0]
2021-04-19 00:05:33,516 INFO # Step 38, : DOWN, Visit Count : [77, 78, 74, 171], Thinking Time : 1.5sec


2021-04-19 00:05:34,979 INFO [0, 0, 0, 0]
2021-04-19 00:05:34,980 INFO [0, 4, 0, 0]
2021-04-19 00:05:34,980 INFO [64, 16, 0, 2]
2021-04-19 00:05:34,980 INFO [4, 2, 4, 0]
2021-04-19 00:05:34,980 INFO # Step 39, : UP, Visit Count : [73, 172, 68, 87], Thinking Time : 1.5sec


2021-04-19 00:05:36,438 INFO [64, 4, 4, 2]
2021-04-19 00:05:36,438 INFO [4, 16, 0, 0]
2021-04-19 00:05:36,438 INFO [2, 2, 0, 0]
2021-04-19 00:05:36,438 INFO [0, 0, 0, 0]
2021-04-19 00:05:36,438 INFO # Step 40, : DOWN, Visit Count : [126, 83, 191], Thinking Time : 1.5sec


2021-04-19 00:05:37,911 INFO [0, 0, 0, 2]
2021-04-19 00:05:37,911 INFO [64, 4, 0, 0]
2021-04-19 00:05:37,911 INFO [4, 16, 0, 0]
2021-04-19 00:05:37,911 INFO [2, 2, 4, 2]
2021-04-19 00:05:37,911 INFO # Step 41, : LEFT, Visit Count : [152, 103, 68, 77], Thinking Time : 1.5sec


2021-04-19 00:05:39,384 INFO [2, 0, 0, 0]
2021-04-19 00:05:39,384 INFO [64, 4, 0, 0]
2021-04-19 00:05:39,384 INFO [4, 16, 0, 2]
2021-04-19 00:05:39,384 INFO [4, 4, 2, 0]
2021-04-19 00:05:39,384 INFO # Step 42, : DOWN, Visit Count : [78, 83, 61, 178], Thinking Time : 1.5sec


2021-04-19 00:05:40,846 INFO [0, 0, 0, 0]
2021-04-19 00:05:40,846 INFO [2, 4, 0, 0]
2021-04-19 00:05:40,846 INFO [64, 16, 2, 0]
2021-04-19 00:05:40,847 INFO [8, 4, 2, 2]
2021-04-19 00:05:40,847 INFO # Step 43, : DOWN, Visit Count : [121, 84, 66, 129], Thinking Time : 1.5sec


2021-04-19 00:05:42,302 INFO [2, 0, 0, 0]
2021-04-19 00:05:42,302 INFO [2, 4, 0, 0]
2021-04-19 00:05:42,302 INFO [64, 16, 0, 0]
2021-04-19 00:05:42,302 INFO [8, 4, 4, 2]
2021-04-19 00:05:42,302 INFO # Step 44, : LEFT, Visit Count : [129, 86, 77, 108], Thinking Time : 1.5sec


2021-04-19 00:05:43,817 INFO [2, 0, 0, 0]
2021-04-19 00:05:43,817 INFO [2, 4, 0, 0]
2021-04-19 00:05:43,817 INFO [64, 16, 0, 2]
2021-04-19 00:05:43,817 INFO [8, 8, 2, 0]
2021-04-19 00:05:43,817 INFO # Step 45, : LEFT, Visit Count : [159, 83, 64, 94], Thinking Time : 1.5sec


2021-04-19 00:05:45,380 INFO [2, 0, 0, 2]
2021-04-19 00:05:45,380 INFO [2, 4, 0, 0]
2021-04-19 00:05:45,380 INFO [64, 16, 2, 0]
2021-04-19 00:05:45,380 INFO [16, 2, 0, 0]
2021-04-19 00:05:45,380 INFO # Step 46, : UP, Visit Count : [78, 166, 79, 77], Thinking Time : 1.6sec


2021-04-19 00:05:46,923 INFO [4, 4, 2, 2]
2021-04-19 00:05:46,924 INFO [64, 16, 0, 0]
2021-04-19 00:05:46,924 INFO [16, 2, 0, 0]
2021-04-19 00:05:46,924 INFO [2, 0, 0, 0]
2021-04-19 00:05:46,924 INFO # Step 47, : RIGHT, Visit Count : [110, 175, 115], Thinking Time : 1.5sec


2021-04-19 00:05:48,467 INFO [2, 0, 8, 4]
2021-04-19 00:05:48,468 INFO [0, 0, 64, 16]
2021-04-19 00:05:48,468 INFO [0, 0, 16, 2]
2021-04-19 00:05:48,468 INFO [0, 0, 0, 2]
2021-04-19 00:05:48,468 INFO # Step 48, : RIGHT, Visit Count : [87, 75, 159, 79], Thinking Time : 1.5sec


2021-04-19 00:05:49,963 INFO [0, 2, 8, 4]
2021-04-19 00:05:49,963 INFO [0, 0, 64, 16]
2021-04-19 00:05:49,963 INFO [0, 2, 16, 2]
2021-04-19 00:05:49,963 INFO [0, 0, 0, 2]
2021-04-19 00:05:49,963 INFO # Step 49, : DOWN, Visit Count : [126, 129, 145], Thinking Time : 1.5sec


2021-04-19 00:05:51,402 INFO [0, 0, 0, 2]
2021-04-19 00:05:51,403 INFO [0, 0, 8, 4]
2021-04-19 00:05:51,403 INFO [0, 0, 64, 16]
2021-04-19 00:05:51,403 INFO [0, 4, 16, 4]
2021-04-19 00:05:51,403 INFO # Step 50, : UP, Visit Count : [168, 232], Thinking Time : 1.4sec


2021-04-19 00:05:52,869 INFO [0, 4, 8, 2]
2021-04-19 00:05:52,869 INFO [0, 2, 64, 4]
2021-04-19 00:05:52,869 INFO [0, 0, 16, 16]
2021-04-19 00:05:52,869 INFO [0, 0, 0, 4]
2021-04-19 00:05:52,869 INFO # Step 51, : RIGHT, Visit Count : [116, 149, 135], Thinking Time : 1.5sec


2021-04-19 00:05:54,304 INFO [0, 4, 8, 2]
2021-04-19 00:05:54,304 INFO [0, 2, 64, 4]
2021-04-19 00:05:54,305 INFO [0, 0, 2, 32]
2021-04-19 00:05:54,305 INFO [0, 0, 0, 4]
2021-04-19 00:05:54,305 INFO # Step 52, : LEFT, Visit Count : [272, 128], Thinking Time : 1.4sec


2021-04-19 00:05:55,752 INFO [4, 8, 2, 0]
2021-04-19 00:05:55,752 INFO [2, 64, 4, 0]
2021-04-19 00:05:55,752 INFO [2, 32, 0, 0]
2021-04-19 00:05:55,752 INFO [4, 0, 2, 0]
2021-04-19 00:05:55,752 INFO # Step 53, : DOWN, Visit Count : [73, 96, 76, 155], Thinking Time : 1.4sec


2021-04-19 00:05:57,222 INFO [0, 0, 0, 0]
2021-04-19 00:05:57,222 INFO [4, 8, 2, 0]
2021-04-19 00:05:57,222 INFO [4, 64, 4, 0]
2021-04-19 00:05:57,222 INFO [4, 32, 2, 2]
2021-04-19 00:05:57,222 INFO # Step 54, : DOWN, Visit Count : [83, 81, 84, 152], Thinking Time : 1.5sec


2021-04-19 00:05:58,672 INFO [2, 0, 0, 0]
2021-04-19 00:05:58,672 INFO [0, 8, 2, 0]
2021-04-19 00:05:58,672 INFO [4, 64, 4, 0]
2021-04-19 00:05:58,672 INFO [8, 32, 2, 2]
2021-04-19 00:05:58,672 INFO # Step 55, : DOWN, Visit Count : [78, 83, 89, 150], Thinking Time : 1.4sec


2021-04-19 00:06:00,166 INFO [0, 4, 0, 0]
2021-04-19 00:06:00,166 INFO [2, 8, 2, 0]
2021-04-19 00:06:00,166 INFO [4, 64, 4, 0]
2021-04-19 00:06:00,167 INFO [8, 32, 2, 2]
2021-04-19 00:06:00,167 INFO # Step 56, : LEFT, Visit Count : [206, 115, 79], Thinking Time : 1.5sec


2021-04-19 00:06:01,611 INFO [4, 2, 0, 0]
2021-04-19 00:06:01,612 INFO [2, 8, 2, 0]
2021-04-19 00:06:01,612 INFO [4, 64, 4, 0]
2021-04-19 00:06:01,612 INFO [8, 32, 4, 0]
2021-04-19 00:06:01,612 INFO # Step 57, : UP, Visit Count : [170, 118, 112], Thinking Time : 1.4sec


2021-04-19 00:06:03,080 INFO [4, 2, 2, 0]
2021-04-19 00:06:03,080 INFO [2, 8, 8, 0]
2021-04-19 00:06:03,080 INFO [4, 64, 0, 0]
2021-04-19 00:06:03,080 INFO [8, 32, 0, 2]
2021-04-19 00:06:03,080 INFO # Step 58, : RIGHT, Visit Count : [74, 105, 127, 94], Thinking Time : 1.5sec


2021-04-19 00:06:04,551 INFO [0, 0, 4, 4]
2021-04-19 00:06:04,551 INFO [2, 0, 2, 16]
2021-04-19 00:06:04,551 INFO [0, 0, 4, 64]
2021-04-19 00:06:04,551 INFO [0, 8, 32, 2]
2021-04-19 00:06:04,551 INFO # Step 59, : UP, Visit Count : [76, 170, 79, 75], Thinking Time : 1.5sec


2021-04-19 00:06:06,048 INFO [2, 8, 4, 4]
2021-04-19 00:06:06,048 INFO [0, 2, 2, 16]
2021-04-19 00:06:06,048 INFO [0, 0, 4, 64]
2021-04-19 00:06:06,048 INFO [0, 0, 32, 2]
2021-04-19 00:06:06,048 INFO # Step 60, : RIGHT, Visit Count : [106, 190, 104], Thinking Time : 1.5sec


2021-04-19 00:06:07,557 INFO [0, 2, 8, 8]
2021-04-19 00:06:07,558 INFO [2, 0, 4, 16]
2021-04-19 00:06:07,558 INFO [0, 0, 4, 64]
2021-04-19 00:06:07,558 INFO [0, 0, 32, 2]
2021-04-19 00:06:07,558 INFO # Step 61, : DOWN, Visit Count : [66, 92, 88, 154], Thinking Time : 1.5sec


2021-04-19 00:06:08,993 INFO [0, 0, 2, 8]
2021-04-19 00:06:08,993 INFO [0, 0, 8, 16]
2021-04-19 00:06:08,993 INFO [0, 0, 8, 64]
2021-04-19 00:06:08,993 INFO [2, 2, 32, 2]
2021-04-19 00:06:08,993 INFO # Step 62, : DOWN, Visit Count : [69, 84, 81, 166], Thinking Time : 1.4sec


2021-04-19 00:06:10,415 INFO [2, 0, 0, 8]
2021-04-19 00:06:10,415 INFO [0, 0, 2, 16]
2021-04-19 00:06:10,415 INFO [0, 0, 16, 64]
2021-04-19 00:06:10,415 INFO [2, 2, 32, 2]
2021-04-19 00:06:10,416 INFO # Step 63, : UP, Visit Count : [69, 169, 80, 82], Thinking Time : 1.4sec


2021-04-19 00:06:11,844 INFO [4, 2, 2, 8]
2021-04-19 00:06:11,845 INFO [0, 2, 16, 16]
2021-04-19 00:06:11,845 INFO [0, 0, 32, 64]
2021-04-19 00:06:11,845 INFO [0, 0, 0, 2]
2021-04-19 00:06:11,845 INFO # Step 64, : RIGHT, Visit Count : [74, 88, 161, 77], Thinking Time : 1.4sec


2021-04-19 00:06:13,289 INFO [0, 4, 4, 8]
2021-04-19 00:06:13,289 INFO [0, 0, 2, 32]
2021-04-19 00:06:13,289 INFO [0, 0, 32, 64]
2021-04-19 00:06:13,289 INFO [0, 2, 0, 2]
2021-04-19 00:06:13,289 INFO # Step 65, : DOWN, Visit Count : [92, 112, 79, 117], Thinking Time : 1.4sec


2021-04-19 00:06:14,786 INFO [0, 0, 0, 8]
2021-04-19 00:06:14,786 INFO [2, 0, 4, 32]
2021-04-19 00:06:14,786 INFO [0, 4, 2, 64]
2021-04-19 00:06:14,786 INFO [0, 2, 32, 2]
2021-04-19 00:06:14,786 INFO # Step 66, : RIGHT, Visit Count : [72, 80, 153, 95], Thinking Time : 1.5sec


2021-04-19 00:06:16,243 INFO [0, 0, 0, 8]
2021-04-19 00:06:16,243 INFO [0, 2, 4, 32]
2021-04-19 00:06:16,243 INFO [0, 4, 2, 64]
2021-04-19 00:06:16,243 INFO [2, 2, 32, 2]
2021-04-19 00:06:16,243 INFO # Step 67, : RIGHT, Visit Count : [101, 136, 163], Thinking Time : 1.5sec


2021-04-19 00:06:17,666 INFO [0, 2, 0, 8]
2021-04-19 00:06:17,666 INFO [0, 2, 4, 32]
2021-04-19 00:06:17,666 INFO [0, 4, 2, 64]
2021-04-19 00:06:17,666 INFO [0, 4, 32, 2]
2021-04-19 00:06:17,666 INFO # Step 68, : LEFT, Visit Count : [150, 96, 77, 77], Thinking Time : 1.4sec


2021-04-19 00:06:19,082 INFO [2, 8, 2, 0]
2021-04-19 00:06:19,082 INFO [2, 4, 32, 0]
2021-04-19 00:06:19,082 INFO [4, 2, 64, 0]
2021-04-19 00:06:19,082 INFO [4, 32, 2, 0]
2021-04-19 00:06:19,082 INFO # Step 69, : DOWN, Visit Count : [121, 111, 168], Thinking Time : 1.4sec


2021-04-19 00:06:20,490 INFO [0, 8, 2, 0]
2021-04-19 00:06:20,490 INFO [0, 4, 32, 2]
2021-04-19 00:06:20,490 INFO [4, 2, 64, 0]
2021-04-19 00:06:20,490 INFO [8, 32, 2, 0]
2021-04-19 00:06:20,490 INFO # Step 70, : RIGHT, Visit Count : [69, 79, 162, 90], Thinking Time : 1.4sec


2021-04-19 00:06:21,981 INFO [0, 0, 8, 2]
2021-04-19 00:06:21,982 INFO [2, 4, 32, 2]
2021-04-19 00:06:21,982 INFO [0, 4, 2, 64]
2021-04-19 00:06:21,982 INFO [0, 8, 32, 2]
2021-04-19 00:06:21,982 INFO # Step 71, : UP, Visit Count : [111, 188, 101], Thinking Time : 1.5sec


2021-04-19 00:06:23,464 INFO [2, 8, 8, 4]
2021-04-19 00:06:23,464 INFO [2, 8, 32, 64]
2021-04-19 00:06:23,464 INFO [0, 0, 2, 2]
2021-04-19 00:06:23,464 INFO [0, 0, 32, 0]
2021-04-19 00:06:23,464 INFO # Step 72, : RIGHT, Visit Count : [66, 95, 128, 111], Thinking Time : 1.5sec


2021-04-19 00:06:24,962 INFO [0, 2, 16, 4]
2021-04-19 00:06:24,962 INFO [2, 8, 32, 64]
2021-04-19 00:06:24,962 INFO [0, 0, 0, 4]
2021-04-19 00:06:24,962 INFO [0, 2, 0, 32]
2021-04-19 00:06:24,962 INFO # Step 73, : RIGHT, Visit Count : [72, 95, 137, 96], Thinking Time : 1.5sec


2021-04-19 00:06:26,447 INFO [0, 2, 16, 4]
2021-04-19 00:06:26,448 INFO [2, 8, 32, 64]
2021-04-19 00:06:26,448 INFO [0, 0, 0, 4]
2021-04-19 00:06:26,448 INFO [0, 2, 2, 32]
2021-04-19 00:06:26,448 INFO # Step 74, : UP, Visit Count : [87, 152, 78, 83], Thinking Time : 1.5sec


2021-04-19 00:06:27,912 INFO [2, 2, 16, 4]
2021-04-19 00:06:27,912 INFO [0, 8, 32, 64]
2021-04-19 00:06:27,912 INFO [2, 2, 2, 4]
2021-04-19 00:06:27,912 INFO [0, 0, 0, 32]
2021-04-19 00:06:27,912 INFO # Step 75, : UP, Visit Count : [81, 159, 76, 84], Thinking Time : 1.5sec


2021-04-19 00:06:29,420 INFO [4, 2, 16, 4]
2021-04-19 00:06:29,420 INFO [0, 8, 32, 64]
2021-04-19 00:06:29,420 INFO [2, 2, 2, 4]
2021-04-19 00:06:29,420 INFO [0, 0, 0, 32]
2021-04-19 00:06:29,420 INFO # Step 76, : UP, Visit Count : [67, 183, 73, 77], Thinking Time : 1.5sec


2021-04-19 00:06:30,889 INFO [4, 2, 16, 4]
2021-04-19 00:06:30,890 INFO [2, 8, 32, 64]
2021-04-19 00:06:30,890 INFO [2, 2, 2, 4]
2021-04-19 00:06:30,890 INFO [0, 0, 0, 32]
2021-04-19 00:06:30,890 INFO # Step 77, : LEFT, Visit Count : [139, 87, 85, 89], Thinking Time : 1.5sec


2021-04-19 00:06:32,363 INFO [4, 2, 16, 4]
2021-04-19 00:06:32,363 INFO [2, 8, 32, 64]
2021-04-19 00:06:32,363 INFO [4, 2, 4, 2]
2021-04-19 00:06:32,363 INFO [32, 0, 0, 0]
2021-04-19 00:06:32,363 INFO # Step 78, : DOWN, Visit Count : [168, 232], Thinking Time : 1.5sec


2021-04-19 00:06:33,833 INFO [4, 0, 0, 2]
2021-04-19 00:06:33,833 INFO [2, 2, 16, 4]
2021-04-19 00:06:33,834 INFO [4, 8, 32, 64]
2021-04-19 00:06:33,834 INFO [32, 2, 4, 2]
2021-04-19 00:06:33,834 INFO # Step 79, : RIGHT, Visit Count : [98, 110, 192], Thinking Time : 1.5sec


2021-04-19 00:06:35,316 INFO [0, 0, 4, 2]
2021-04-19 00:06:35,316 INFO [2, 4, 16, 4]
2021-04-19 00:06:35,316 INFO [4, 8, 32, 64]
2021-04-19 00:06:35,316 INFO [32, 2, 4, 2]
2021-04-19 00:06:35,316 INFO # Step 80, : LEFT, Visit Count : [233, 167], Thinking Time : 1.5sec


2021-04-19 00:06:36,872 INFO [4, 2, 2, 0]
2021-04-19 00:06:36,872 INFO [2, 4, 16, 4]
2021-04-19 00:06:36,872 INFO [4, 8, 32, 64]
2021-04-19 00:06:36,872 INFO [32, 2, 4, 2]
2021-04-19 00:06:36,872 INFO # Step 81, : LEFT, Visit Count : [193, 113, 94], Thinking Time : 1.6sec


2021-04-19 00:06:38,393 INFO [4, 4, 0, 4]
2021-04-19 00:06:38,393 INFO [2, 4, 16, 4]
2021-04-19 00:06:38,393 INFO [4, 8, 32, 64]
2021-04-19 00:06:38,393 INFO [32, 2, 4, 2]
2021-04-19 00:06:38,394 INFO # Step 82, : UP, Visit Count : [74, 139, 73, 114], Thinking Time : 1.5sec


2021-04-19 00:06:39,966 INFO [4, 8, 16, 8]
2021-04-19 00:06:39,966 INFO [2, 8, 32, 64]
2021-04-19 00:06:39,966 INFO [4, 2, 4, 2]
2021-04-19 00:06:39,966 INFO [32, 2, 0, 0]
2021-04-19 00:06:39,966 INFO # Step 83, : DOWN, Visit Count : [108, 100, 192], Thinking Time : 1.6sec


2021-04-19 00:06:41,618 INFO [4, 2, 0, 0]
2021-04-19 00:06:41,619 INFO [2, 0, 16, 8]
2021-04-19 00:06:41,619 INFO [4, 16, 32, 64]
2021-04-19 00:06:41,619 INFO [32, 4, 4, 2]
2021-04-19 00:06:41,619 INFO # Step 84, : UP, Visit Count : [72, 166, 75, 87], Thinking Time : 1.7sec


2021-04-19 00:06:43,147 INFO [4, 2, 16, 8]
2021-04-19 00:06:43,147 INFO [2, 16, 32, 64]
2021-04-19 00:06:43,147 INFO [4, 4, 4, 2]
2021-04-19 00:06:43,147 INFO [32, 0, 2, 0]
2021-04-19 00:06:43,147 INFO # Step 85, : LEFT, Visit Count : [165, 98, 137], Thinking Time : 1.5sec


2021-04-19 00:06:44,566 INFO [4, 2, 16, 8]
2021-04-19 00:06:44,567 INFO [2, 16, 32, 64]
2021-04-19 00:06:44,567 INFO [8, 4, 2, 0]
2021-04-19 00:06:44,567 INFO [32, 2, 0, 2]
2021-04-19 00:06:44,567 INFO # Step 86, : DOWN, Visit Count : [93, 110, 86, 111], Thinking Time : 1.4sec


2021-04-19 00:06:46,180 INFO [4, 2, 2, 0]
2021-04-19 00:06:46,180 INFO [2, 16, 16, 8]
2021-04-19 00:06:46,180 INFO [8, 4, 32, 64]
2021-04-19 00:06:46,180 INFO [32, 2, 2, 2]
2021-04-19 00:06:46,180 INFO # Step 87, : RIGHT, Visit Count : [99, 129, 172], Thinking Time : 1.6sec


2021-04-19 00:06:47,692 INFO [2, 0, 4, 4]
2021-04-19 00:06:47,692 INFO [0, 2, 32, 8]
2021-04-19 00:06:47,692 INFO [8, 4, 32, 64]
2021-04-19 00:06:47,692 INFO [0, 32, 2, 4]
2021-04-19 00:06:47,692 INFO # Step 88, : UP, Visit Count : [77, 183, 70, 70], Thinking Time : 1.5sec


2021-04-19 00:06:49,133 INFO [2, 2, 4, 4]
2021-04-19 00:06:49,133 INFO [8, 4, 64, 8]
2021-04-19 00:06:49,133 INFO [2, 32, 2, 64]
2021-04-19 00:06:49,133 INFO [0, 0, 0, 4]
2021-04-19 00:06:49,133 INFO # Step 89, : RIGHT, Visit Count : [87, 159, 154], Thinking Time : 1.4sec


2021-04-19 00:06:50,555 INFO [0, 2, 4, 8]
2021-04-19 00:06:50,556 INFO [8, 4, 64, 8]
2021-04-19 00:06:50,556 INFO [2, 32, 2, 64]
2021-04-19 00:06:50,556 INFO [0, 0, 0, 4]
2021-04-19 00:06:50,556 INFO # Step 90, : UP, Visit Count : [97, 190, 113], Thinking Time : 1.4sec


2021-04-19 00:06:52,007 INFO [8, 2, 4, 16]
2021-04-19 00:06:52,007 INFO [2, 4, 64, 64]
2021-04-19 00:06:52,007 INFO [0, 32, 2, 4]
2021-04-19 00:06:52,007 INFO [0, 0, 0, 4]
2021-04-19 00:06:52,007 INFO # Step 91, : DOWN, Visit Count : [70, 81, 111, 138], Thinking Time : 1.5sec


2021-04-19 00:06:53,477 INFO [0, 0, 0, 2]
2021-04-19 00:06:53,477 INFO [0, 2, 4, 16]
2021-04-19 00:06:53,477 INFO [8, 4, 64, 64]
2021-04-19 00:06:53,477 INFO [2, 32, 2, 8]
2021-04-19 00:06:53,477 INFO # Step 92, : RIGHT, Visit Count : [133, 95, 172], Thinking Time : 1.5sec


2021-04-19 00:06:54,903 INFO [0, 0, 2, 2]
2021-04-19 00:06:54,904 INFO [0, 2, 4, 16]
2021-04-19 00:06:54,904 INFO [0, 8, 4, 128]
2021-04-19 00:06:54,904 INFO [2, 32, 2, 8]
2021-04-19 00:06:54,904 INFO # Step 93, : UP, Visit Count : [77, 128, 105, 90], Thinking Time : 1.4sec


2021-04-19 00:06:56,364 INFO [2, 2, 2, 2]
2021-04-19 00:06:56,364 INFO [0, 8, 8, 16]
2021-04-19 00:06:56,364 INFO [0, 32, 2, 128]
2021-04-19 00:06:56,364 INFO [2, 0, 0, 8]
2021-04-19 00:06:56,364 INFO # Step 94, : DOWN, Visit Count : [86, 84, 113, 117], Thinking Time : 1.5sec


2021-04-19 00:06:57,813 INFO [0, 0, 2, 2]
2021-04-19 00:06:57,813 INFO [0, 2, 2, 16]
2021-04-19 00:06:57,813 INFO [0, 8, 8, 128]
2021-04-19 00:06:57,813 INFO [4, 32, 2, 8]
2021-04-19 00:06:57,813 INFO # Step 95, : RIGHT, Visit Count : [79, 83, 140, 98], Thinking Time : 1.4sec


2021-04-19 00:06:59,281 INFO [0, 2, 0, 4]
2021-04-19 00:06:59,281 INFO [0, 0, 4, 16]
2021-04-19 00:06:59,281 INFO [0, 0, 16, 128]
2021-04-19 00:06:59,281 INFO [4, 32, 2, 8]
2021-04-19 00:06:59,281 INFO # Step 96, : DOWN, Visit Count : [76, 77, 72, 175], Thinking Time : 1.5sec


2021-04-19 00:07:00,818 INFO [4, 0, 0, 4]
2021-04-19 00:07:00,818 INFO [0, 0, 4, 16]
2021-04-19 00:07:00,818 INFO [0, 2, 16, 128]
2021-04-19 00:07:00,818 INFO [4, 32, 2, 8]
2021-04-19 00:07:00,818 INFO # Step 97, : UP, Visit Count : [83, 172, 68, 77], Thinking Time : 1.5sec


2021-04-19 00:07:02,382 INFO [8, 2, 4, 4]
2021-04-19 00:07:02,382 INFO [0, 32, 16, 16]
2021-04-19 00:07:02,382 INFO [0, 0, 2, 128]
2021-04-19 00:07:02,382 INFO [2, 0, 0, 8]
2021-04-19 00:07:02,382 INFO # Step 98, : RIGHT, Visit Count : [97, 82, 126, 95], Thinking Time : 1.6sec


2021-04-19 00:07:03,840 INFO [0, 8, 2, 8]
2021-04-19 00:07:03,840 INFO [0, 0, 32, 32]
2021-04-19 00:07:03,840 INFO [2, 0, 2, 128]
2021-04-19 00:07:03,840 INFO [0, 0, 2, 8]
2021-04-19 00:07:03,840 INFO # Step 99, : DOWN, Visit Count : [71, 90, 96, 143], Thinking Time : 1.5sec


2021-04-19 00:07:05,280 INFO [2, 0, 0, 8]
2021-04-19 00:07:05,280 INFO [0, 0, 2, 32]
2021-04-19 00:07:05,280 INFO [0, 0, 32, 128]
2021-04-19 00:07:05,280 INFO [2, 8, 4, 8]
2021-04-19 00:07:05,280 INFO # Step 100, : UP, Visit Count : [74, 165, 80, 81], Thinking Time : 1.4sec


2021-04-19 00:07:06,689 INFO [4, 8, 2, 8]
2021-04-19 00:07:06,689 INFO [0, 0, 32, 32]
2021-04-19 00:07:06,690 INFO [0, 0, 4, 128]
2021-04-19 00:07:06,690 INFO [2, 0, 0, 8]
2021-04-19 00:07:06,690 INFO # Step 101, : RIGHT, Visit Count : [112, 80, 137, 71], Thinking Time : 1.4sec


2021-04-19 00:07:08,133 INFO [4, 8, 2, 8]
2021-04-19 00:07:08,133 INFO [0, 0, 0, 64]
2021-04-19 00:07:08,133 INFO [0, 0, 4, 128]
2021-04-19 00:07:08,133 INFO [2, 0, 2, 8]
2021-04-19 00:07:08,133 INFO # Step 102, : RIGHT, Visit Count : [113, 80, 135, 72], Thinking Time : 1.4sec


2021-04-19 00:07:09,562 INFO [4, 8, 2, 8]
2021-04-19 00:07:09,563 INFO [2, 0, 0, 64]
2021-04-19 00:07:09,563 INFO [0, 0, 4, 128]
2021-04-19 00:07:09,563 INFO [0, 0, 4, 8]
2021-04-19 00:07:09,563 INFO # Step 103, : LEFT, Visit Count : [126, 111, 75, 88], Thinking Time : 1.4sec


2021-04-19 00:07:11,048 INFO [4, 8, 2, 8]
2021-04-19 00:07:11,049 INFO [2, 64, 2, 0]
2021-04-19 00:07:11,049 INFO [4, 128, 0, 0]
2021-04-19 00:07:11,049 INFO [4, 8, 0, 0]
2021-04-19 00:07:11,049 INFO # Step 104, : UP, Visit Count : [154, 102, 144], Thinking Time : 1.5sec


2021-04-19 00:07:12,528 INFO [4, 8, 4, 8]
2021-04-19 00:07:12,528 INFO [2, 64, 0, 0]
2021-04-19 00:07:12,528 INFO [8, 128, 0, 0]
2021-04-19 00:07:12,528 INFO [0, 8, 0, 2]
2021-04-19 00:07:12,528 INFO # Step 105, : RIGHT, Visit Count : [73, 98, 156, 73], Thinking Time : 1.5sec


2021-04-19 00:07:14,010 INFO [4, 8, 4, 8]
2021-04-19 00:07:14,010 INFO [0, 0, 2, 64]
2021-04-19 00:07:14,010 INFO [0, 0, 8, 128]
2021-04-19 00:07:14,010 INFO [0, 2, 8, 2]
2021-04-19 00:07:14,010 INFO # Step 106, : UP, Visit Count : [123, 187, 90], Thinking Time : 1.5sec


2021-04-19 00:07:15,509 INFO [4, 8, 4, 8]
2021-04-19 00:07:15,509 INFO [0, 2, 2, 64]
2021-04-19 00:07:15,509 INFO [2, 0, 16, 128]
2021-04-19 00:07:15,509 INFO [0, 0, 0, 2]
2021-04-19 00:07:15,509 INFO # Step 107, : UP, Visit Count : [70, 138, 76, 116], Thinking Time : 1.5sec


2021-04-19 00:07:17,028 INFO [4, 8, 4, 8]
2021-04-19 00:07:17,028 INFO [2, 2, 2, 64]
2021-04-19 00:07:17,028 INFO [0, 2, 16, 128]
2021-04-19 00:07:17,028 INFO [0, 0, 0, 2]
2021-04-19 00:07:17,028 INFO # Step 108, : UP, Visit Count : [82, 170, 72, 76], Thinking Time : 1.5sec


2021-04-19 00:07:18,527 INFO [4, 8, 4, 8]
2021-04-19 00:07:18,528 INFO [2, 4, 2, 64]
2021-04-19 00:07:18,528 INFO [0, 2, 16, 128]
2021-04-19 00:07:18,528 INFO [0, 0, 0, 2]
2021-04-19 00:07:18,528 INFO # Step 109, : LEFT, Visit Count : [209, 191], Thinking Time : 1.5sec


2021-04-19 00:07:20,004 INFO [4, 8, 4, 8]
2021-04-19 00:07:20,004 INFO [2, 4, 2, 64]
2021-04-19 00:07:20,004 INFO [2, 16, 128, 2]
2021-04-19 00:07:20,004 INFO [2, 0, 0, 0]
2021-04-19 00:07:20,004 INFO # Step 110, : DOWN, Visit Count : [114, 95, 191], Thinking Time : 1.5sec


2021-04-19 00:07:21,463 INFO [0, 0, 0, 2]
2021-04-19 00:07:21,463 INFO [4, 8, 4, 8]
2021-04-19 00:07:21,463 INFO [2, 4, 2, 64]
2021-04-19 00:07:21,463 INFO [4, 16, 128, 2]
2021-04-19 00:07:21,464 INFO # Step 111, : UP, Visit Count : [134, 266], Thinking Time : 1.5sec


2021-04-19 00:07:22,919 INFO [4, 8, 4, 2]
2021-04-19 00:07:22,919 INFO [2, 4, 2, 8]
2021-04-19 00:07:22,919 INFO [4, 16, 128, 64]
2021-04-19 00:07:22,919 INFO [0, 2, 0, 2]
2021-04-19 00:07:22,919 INFO # Step 112, : RIGHT, Visit Count : [133, 144, 123], Thinking Time : 1.5sec


2021-04-19 00:07:24,338 INFO [4, 8, 4, 2]
2021-04-19 00:07:24,338 INFO [2, 4, 2, 8]
2021-04-19 00:07:24,338 INFO [4, 16, 128, 64]
2021-04-19 00:07:24,338 INFO [0, 0, 4, 4]
2021-04-19 00:07:24,338 INFO # Step 113, : RIGHT, Visit Count : [113, 166, 121], Thinking Time : 1.4sec


2021-04-19 00:07:25,742 INFO [4, 8, 4, 2]
2021-04-19 00:07:25,742 INFO [2, 4, 2, 8]
2021-04-19 00:07:25,742 INFO [4, 16, 128, 64]
2021-04-19 00:07:25,742 INFO [0, 0, 2, 8]
2021-04-19 00:07:25,742 INFO # Step 114, : LEFT, Visit Count : [204, 196], Thinking Time : 1.4sec


2021-04-19 00:07:27,140 INFO [4, 8, 4, 2]
2021-04-19 00:07:27,140 INFO [2, 4, 2, 8]
2021-04-19 00:07:27,140 INFO [4, 16, 128, 64]
2021-04-19 00:07:27,140 INFO [2, 8, 0, 2]
2021-04-19 00:07:27,140 INFO # Step 115, : DOWN, Visit Count : [113, 96, 191], Thinking Time : 1.4sec


2021-04-19 00:07:28,592 INFO [4, 8, 4, 2]
2021-04-19 00:07:28,593 INFO [2, 4, 4, 8]
2021-04-19 00:07:28,593 INFO [4, 16, 2, 64]
2021-04-19 00:07:28,593 INFO [2, 8, 128, 2]
2021-04-19 00:07:28,593 INFO # Step 116, : UP, Visit Count : [79, 151, 67, 103], Thinking Time : 1.5sec


2021-04-19 00:07:30,040 INFO [4, 8, 8, 2]
2021-04-19 00:07:30,040 INFO [2, 4, 2, 8]
2021-04-19 00:07:30,041 INFO [4, 16, 128, 64]
2021-04-19 00:07:30,041 INFO [2, 8, 2, 2]
2021-04-19 00:07:30,041 INFO # Step 117, : LEFT, Visit Count : [278, 122], Thinking Time : 1.4sec


2021-04-19 00:07:31,498 INFO [4, 16, 2, 2]
2021-04-19 00:07:31,498 INFO [2, 4, 2, 8]
2021-04-19 00:07:31,498 INFO [4, 16, 128, 64]
2021-04-19 00:07:31,498 INFO [2, 8, 4, 0]
2021-04-19 00:07:31,498 INFO # Step 118, : DOWN, Visit Count : [83, 78, 109, 130], Thinking Time : 1.5sec


2021-04-19 00:07:32,971 INFO [4, 16, 0, 2]
2021-04-19 00:07:32,971 INFO [2, 4, 4, 2]
2021-04-19 00:07:32,971 INFO [4, 16, 128, 8]
2021-04-19 00:07:32,971 INFO [2, 8, 4, 64]
2021-04-19 00:07:32,971 INFO # Step 119, : DOWN, Visit Count : [73, 74, 71, 182], Thinking Time : 1.5sec


2021-04-19 00:07:34,503 INFO [4, 16, 2, 0]
2021-04-19 00:07:34,503 INFO [2, 4, 4, 4]
2021-04-19 00:07:34,503 INFO [4, 16, 128, 8]
2021-04-19 00:07:34,503 INFO [2, 8, 4, 64]
2021-04-19 00:07:34,503 INFO # Step 120, : LEFT, Visit Count : [155, 155, 90], Thinking Time : 1.5sec


2021-04-19 00:07:35,902 INFO [4, 16, 2, 2]
2021-04-19 00:07:35,902 INFO [2, 8, 4, 0]
2021-04-19 00:07:35,902 INFO [4, 16, 128, 8]
2021-04-19 00:07:35,902 INFO [2, 8, 4, 64]
2021-04-19 00:07:35,902 INFO # Step 121, : LEFT, Visit Count : [142, 105, 64, 89], Thinking Time : 1.4sec


2021-04-19 00:07:37,339 INFO [4, 16, 4, 2]
2021-04-19 00:07:37,339 INFO [2, 8, 4, 0]
2021-04-19 00:07:37,339 INFO [4, 16, 128, 8]
2021-04-19 00:07:37,339 INFO [2, 8, 4, 64]
2021-04-19 00:07:37,339 INFO # Step 122, : RIGHT, Visit Count : [125, 153, 122], Thinking Time : 1.4sec


2021-04-19 00:07:38,772 INFO [4, 16, 4, 2]
2021-04-19 00:07:38,772 INFO [2, 2, 8, 4]
2021-04-19 00:07:38,772 INFO [4, 16, 128, 8]
2021-04-19 00:07:38,772 INFO [2, 8, 4, 64]
2021-04-19 00:07:38,772 INFO # Step 123, : RIGHT, Visit Count : [195, 205], Thinking Time : 1.4sec


2021-04-19 00:35:35,066 INFO EPISODE 30 ##########
2021-04-19 00:35:35,066 INFO ########################
2021-04-19 00:35:35,067 INFO ########################
2021-04-19 00:35:35,067 INFO ########################
2021-04-19 00:35:36,668 INFO [0, 0, 0, 2]
2021-04-19 00:35:36,668 INFO [0, 0, 0, 2]
2021-04-19 00:35:36,668 INFO [0, 0, 0, 0]
2021-04-19 00:35:36,668 INFO [0, 0, 0, 0]
2021-04-19 00:35:36,668 INFO # Step 0, : LEFT, Visit Count : [214, 99, 87], Thinking Time : 1.6sec


2021-04-19 00:35:38,304 INFO [2, 0, 0, 0]
2021-04-19 00:35:38,305 INFO [2, 0, 0, 0]
2021-04-19 00:35:38,305 INFO [0, 0, 0, 0]
2021-04-19 00:35:38,305 INFO [0, 2, 0, 0]
2021-04-19 00:35:38,305 INFO # Step 1, : UP, Visit Count : [82, 101, 135, 82], Thinking Time : 1.6sec


2021-04-19 00:35:40,005 INFO [4, 2, 0, 0]
2021-04-19 00:35:40,005 INFO [0, 0, 0, 2]
2021-04-19 00:35:40,005 INFO [0, 0, 0, 0]
2021-04-19 00:35:40,005 INFO [0, 0, 0, 0]
2021-04-19 00:35:40,005 INFO # Step 2, : DOWN, Visit Count : [114, 78, 136, 72], Thinking Time : 1.7sec


2021-04-19 00:35:41,749 INFO [0, 0, 0, 0]
2021-04-19 00:35:41,750 INFO [0, 0, 0, 0]
2021-04-19 00:35:41,750 INFO [2, 0, 0, 0]
2021-04-19 00:35:41,750 INFO [4, 2, 0, 2]
2021-04-19 00:35:41,750 INFO # Step 3, : LEFT, Visit Count : [109, 98, 193], Thinking Time : 1.7sec


2021-04-19 00:35:43,396 INFO [0, 0, 0, 4]
2021-04-19 00:35:43,396 INFO [0, 0, 0, 0]
2021-04-19 00:35:43,396 INFO [2, 0, 0, 0]
2021-04-19 00:35:43,396 INFO [4, 4, 0, 0]
2021-04-19 00:35:43,396 INFO # Step 4, : UP, Visit Count : [78, 81, 170, 71], Thinking Time : 1.6sec


2021-04-19 00:35:45,051 INFO [2, 4, 0, 4]
2021-04-19 00:35:45,051 INFO [4, 2, 0, 0]
2021-04-19 00:35:45,051 INFO [0, 0, 0, 0]
2021-04-19 00:35:45,051 INFO [0, 0, 0, 0]
2021-04-19 00:35:45,051 INFO # Step 5, : RIGHT, Visit Count : [160, 150, 90], Thinking Time : 1.7sec


2021-04-19 00:35:46,683 INFO [0, 0, 2, 8]
2021-04-19 00:35:46,683 INFO [0, 0, 4, 2]
2021-04-19 00:35:46,683 INFO [0, 2, 0, 0]
2021-04-19 00:35:46,683 INFO [0, 0, 0, 0]
2021-04-19 00:35:46,683 INFO # Step 6, : UP, Visit Count : [82, 124, 90, 104], Thinking Time : 1.6sec


2021-04-19 00:35:48,362 INFO [0, 2, 2, 8]
2021-04-19 00:35:48,362 INFO [0, 0, 4, 2]
2021-04-19 00:35:48,362 INFO [0, 0, 0, 0]
2021-04-19 00:35:48,362 INFO [0, 0, 2, 0]
2021-04-19 00:35:48,362 INFO # Step 7, : LEFT, Visit Count : [124, 100, 89, 87], Thinking Time : 1.7sec


2021-04-19 00:35:50,024 INFO [4, 8, 0, 0]
2021-04-19 00:35:50,024 INFO [4, 2, 0, 0]
2021-04-19 00:35:50,024 INFO [0, 0, 0, 2]
2021-04-19 00:35:50,024 INFO [2, 0, 0, 0]
2021-04-19 00:35:50,024 INFO # Step 8, : LEFT, Visit Count : [172, 78, 74, 76], Thinking Time : 1.7sec


2021-04-19 00:35:51,696 INFO [4, 8, 0, 0]
2021-04-19 00:35:51,697 INFO [4, 2, 0, 0]
2021-04-19 00:35:51,697 INFO [2, 0, 0, 0]
2021-04-19 00:35:51,697 INFO [2, 2, 0, 0]
2021-04-19 00:35:51,697 INFO # Step 9, : UP, Visit Count : [81, 121, 120, 78], Thinking Time : 1.7sec


2021-04-19 00:35:53,348 INFO [8, 8, 0, 0]
2021-04-19 00:35:53,348 INFO [4, 4, 0, 0]
2021-04-19 00:35:53,348 INFO [0, 0, 2, 0]
2021-04-19 00:35:53,348 INFO [0, 0, 0, 0]
2021-04-19 00:35:53,348 INFO # Step 10, : DOWN, Visit Count : [85, 124, 68, 123], Thinking Time : 1.7sec


2021-04-19 00:35:54,994 INFO [0, 0, 0, 0]
2021-04-19 00:35:54,994 INFO [0, 2, 0, 0]
2021-04-19 00:35:54,994 INFO [8, 8, 0, 0]
2021-04-19 00:35:54,994 INFO [4, 4, 2, 0]
2021-04-19 00:35:54,994 INFO # Step 11, : UP, Visit Count : [131, 141, 128], Thinking Time : 1.6sec


2021-04-19 00:35:56,696 INFO [8, 2, 2, 0]
2021-04-19 00:35:56,696 INFO [4, 8, 0, 2]
2021-04-19 00:35:56,696 INFO [0, 4, 0, 0]
2021-04-19 00:35:56,696 INFO [0, 0, 0, 0]
2021-04-19 00:35:56,696 INFO # Step 12, : RIGHT, Visit Count : [114, 87, 123, 76], Thinking Time : 1.7sec


2021-04-19 00:35:58,405 INFO [2, 0, 8, 4]
2021-04-19 00:35:58,405 INFO [0, 4, 8, 2]
2021-04-19 00:35:58,405 INFO [0, 0, 0, 4]
2021-04-19 00:35:58,405 INFO [0, 0, 0, 0]
2021-04-19 00:35:58,405 INFO # Step 13, : DOWN, Visit Count : [82, 90, 88, 140], Thinking Time : 1.7sec


2021-04-19 00:36:00,119 INFO [2, 0, 0, 0]
2021-04-19 00:36:00,119 INFO [0, 0, 0, 4]
2021-04-19 00:36:00,119 INFO [0, 0, 0, 2]
2021-04-19 00:36:00,119 INFO [2, 4, 16, 4]
2021-04-19 00:36:00,119 INFO # Step 14, : DOWN, Visit Count : [80, 115, 126, 79], Thinking Time : 1.7sec


2021-04-19 00:36:01,790 INFO [0, 0, 0, 0]
2021-04-19 00:36:01,790 INFO [0, 0, 0, 4]
2021-04-19 00:36:01,790 INFO [0, 2, 0, 2]
2021-04-19 00:36:01,790 INFO [4, 4, 16, 4]
2021-04-19 00:36:01,790 INFO # Step 15, : LEFT, Visit Count : [114, 97, 189], Thinking Time : 1.7sec


2021-04-19 00:36:03,540 INFO [0, 0, 0, 2]
2021-04-19 00:36:03,540 INFO [4, 0, 0, 0]
2021-04-19 00:36:03,540 INFO [4, 0, 0, 0]
2021-04-19 00:36:03,540 INFO [8, 16, 4, 0]
2021-04-19 00:36:03,540 INFO # Step 16, : UP, Visit Count : [102, 93, 132, 73], Thinking Time : 1.7sec


2021-04-19 00:36:05,265 INFO [8, 16, 4, 2]
2021-04-19 00:36:05,265 INFO [8, 0, 0, 0]
2021-04-19 00:36:05,265 INFO [0, 0, 0, 0]
2021-04-19 00:36:05,265 INFO [0, 0, 0, 2]
2021-04-19 00:36:05,265 INFO # Step 17, : DOWN, Visit Count : [104, 148, 77, 71], Thinking Time : 1.7sec


2021-04-19 00:36:06,923 INFO [0, 0, 0, 0]
2021-04-19 00:36:06,923 INFO [0, 0, 2, 0]
2021-04-19 00:36:06,923 INFO [0, 0, 0, 0]
2021-04-19 00:36:06,924 INFO [16, 16, 4, 4]
2021-04-19 00:36:06,924 INFO # Step 18, : LEFT, Visit Count : [170, 72, 80, 78], Thinking Time : 1.7sec


2021-04-19 00:36:08,567 INFO [0, 0, 0, 0]
2021-04-19 00:36:08,567 INFO [2, 0, 0, 0]
2021-04-19 00:36:08,567 INFO [0, 0, 0, 0]
2021-04-19 00:36:08,567 INFO [32, 8, 0, 2]
2021-04-19 00:36:08,567 INFO # Step 19, : DOWN, Visit Count : [128, 97, 87, 88], Thinking Time : 1.6sec


2021-04-19 00:36:10,216 INFO [0, 0, 0, 0]
2021-04-19 00:36:10,216 INFO [0, 0, 0, 0]
2021-04-19 00:36:10,216 INFO [2, 0, 0, 0]
2021-04-19 00:36:10,216 INFO [32, 8, 2, 2]
2021-04-19 00:36:10,216 INFO # Step 20, : UP, Visit Count : [101, 93, 206], Thinking Time : 1.6sec


2021-04-19 00:36:11,899 INFO [2, 8, 2, 2]
2021-04-19 00:36:11,899 INFO [32, 0, 0, 0]
2021-04-19 00:36:11,899 INFO [0, 0, 0, 2]
2021-04-19 00:36:11,899 INFO [0, 0, 0, 0]
2021-04-19 00:36:11,899 INFO # Step 21, : UP, Visit Count : [102, 123, 105, 70], Thinking Time : 1.7sec


2021-04-19 00:36:13,558 INFO [2, 8, 2, 4]
2021-04-19 00:36:13,558 INFO [32, 0, 2, 0]
2021-04-19 00:36:13,558 INFO [0, 0, 0, 0]
2021-04-19 00:36:13,558 INFO [0, 0, 0, 0]
2021-04-19 00:36:13,559 INFO # Step 22, : UP, Visit Count : [77, 85, 150, 88], Thinking Time : 1.7sec


2021-04-19 00:36:15,228 INFO [2, 8, 4, 4]
2021-04-19 00:36:15,228 INFO [32, 0, 0, 0]
2021-04-19 00:36:15,228 INFO [0, 0, 2, 0]
2021-04-19 00:36:15,228 INFO [0, 0, 0, 0]
2021-04-19 00:36:15,228 INFO # Step 23, : RIGHT, Visit Count : [81, 97, 121, 101], Thinking Time : 1.7sec


2021-04-19 00:36:16,883 INFO [0, 2, 8, 8]
2021-04-19 00:36:16,884 INFO [0, 0, 2, 32]
2021-04-19 00:36:16,884 INFO [0, 0, 0, 2]
2021-04-19 00:36:16,884 INFO [0, 0, 0, 0]
2021-04-19 00:36:16,884 INFO # Step 24, : RIGHT, Visit Count : [85, 224, 91], Thinking Time : 1.7sec


2021-04-19 00:36:18,516 INFO [2, 0, 2, 16]
2021-04-19 00:36:18,517 INFO [0, 0, 2, 32]
2021-04-19 00:36:18,517 INFO [0, 0, 0, 2]
2021-04-19 00:36:18,517 INFO [0, 0, 0, 0]
2021-04-19 00:36:18,517 INFO # Step 25, : RIGHT, Visit Count : [72, 85, 124, 119], Thinking Time : 1.6sec


2021-04-19 00:36:20,206 INFO [0, 0, 4, 16]
2021-04-19 00:36:20,206 INFO [0, 0, 2, 32]
2021-04-19 00:36:20,206 INFO [0, 0, 0, 2]
2021-04-19 00:36:20,206 INFO [0, 2, 0, 0]
2021-04-19 00:36:20,206 INFO # Step 26, : UP, Visit Count : [64, 80, 190, 66], Thinking Time : 1.7sec


2021-04-19 00:36:21,813 INFO [0, 2, 4, 16]
2021-04-19 00:36:21,814 INFO [0, 0, 2, 32]
2021-04-19 00:36:21,814 INFO [0, 0, 0, 2]
2021-04-19 00:36:21,814 INFO [0, 0, 2, 0]
2021-04-19 00:36:21,814 INFO # Step 27, : RIGHT, Visit Count : [86, 97, 97, 120], Thinking Time : 1.6sec


2021-04-19 00:36:23,449 INFO [0, 2, 4, 16]
2021-04-19 00:36:23,449 INFO [0, 0, 2, 32]
2021-04-19 00:36:23,449 INFO [2, 0, 0, 2]
2021-04-19 00:36:23,449 INFO [0, 0, 0, 2]
2021-04-19 00:36:23,449 INFO # Step 28, : UP, Visit Count : [68, 114, 141, 77], Thinking Time : 1.6sec


2021-04-19 00:36:25,017 INFO [2, 2, 4, 16]
2021-04-19 00:36:25,017 INFO [0, 0, 2, 32]
2021-04-19 00:36:25,017 INFO [0, 0, 0, 4]
2021-04-19 00:36:25,017 INFO [0, 0, 0, 2]
2021-04-19 00:36:25,017 INFO # Step 29, : RIGHT, Visit Count : [107, 111, 182], Thinking Time : 1.6sec


2021-04-19 00:36:26,591 INFO [0, 4, 4, 16]
2021-04-19 00:36:26,591 INFO [0, 2, 2, 32]
2021-04-19 00:36:26,591 INFO [0, 0, 0, 4]
2021-04-19 00:36:26,592 INFO [0, 0, 0, 2]
2021-04-19 00:36:26,592 INFO # Step 30, : DOWN, Visit Count : [92, 199, 109], Thinking Time : 1.6sec


2021-04-19 00:36:28,212 INFO [0, 0, 2, 16]
2021-04-19 00:36:28,212 INFO [0, 0, 0, 32]
2021-04-19 00:36:28,212 INFO [0, 4, 4, 4]
2021-04-19 00:36:28,212 INFO [0, 2, 2, 2]
2021-04-19 00:36:28,212 INFO # Step 31, : UP, Visit Count : [70, 130, 119, 81], Thinking Time : 1.6sec


2021-04-19 00:36:29,835 INFO [0, 4, 2, 16]
2021-04-19 00:36:29,835 INFO [0, 2, 4, 32]
2021-04-19 00:36:29,835 INFO [0, 2, 2, 4]
2021-04-19 00:36:29,835 INFO [0, 0, 0, 2]
2021-04-19 00:36:29,835 INFO # Step 32, : UP, Visit Count : [62, 166, 95, 77], Thinking Time : 1.6sec


2021-04-19 00:36:31,401 INFO [0, 4, 2, 16]
2021-04-19 00:36:31,401 INFO [2, 4, 4, 32]
2021-04-19 00:36:31,401 INFO [0, 0, 2, 4]
2021-04-19 00:36:31,401 INFO [0, 0, 0, 2]
2021-04-19 00:36:31,401 INFO # Step 33, : DOWN, Visit Count : [58, 81, 114, 147], Thinking Time : 1.6sec


2021-04-19 00:36:32,970 INFO [0, 2, 0, 16]
2021-04-19 00:36:32,971 INFO [0, 0, 2, 32]
2021-04-19 00:36:32,971 INFO [0, 0, 4, 4]
2021-04-19 00:36:32,971 INFO [2, 8, 2, 2]
2021-04-19 00:36:32,971 INFO # Step 34, : RIGHT, Visit Count : [67, 71, 181, 81], Thinking Time : 1.6sec


2021-04-19 00:36:34,513 INFO [0, 0, 2, 16]
2021-04-19 00:36:34,513 INFO [0, 0, 2, 32]
2021-04-19 00:36:34,513 INFO [4, 0, 0, 8]
2021-04-19 00:36:34,513 INFO [0, 2, 8, 4]
2021-04-19 00:36:34,513 INFO # Step 35, : RIGHT, Visit Count : [92, 84, 154, 70], Thinking Time : 1.5sec


2021-04-19 00:36:36,088 INFO [0, 0, 2, 16]
2021-04-19 00:36:36,088 INFO [2, 0, 2, 32]
2021-04-19 00:36:36,088 INFO [0, 0, 4, 8]
2021-04-19 00:36:36,088 INFO [0, 2, 8, 4]
2021-04-19 00:36:36,089 INFO # Step 36, : RIGHT, Visit Count : [73, 114, 145, 68], Thinking Time : 1.6sec


2021-04-19 00:36:37,672 INFO [0, 0, 2, 16]
2021-04-19 00:36:37,672 INFO [0, 0, 4, 32]
2021-04-19 00:36:37,672 INFO [2, 0, 4, 8]
2021-04-19 00:36:37,672 INFO [0, 2, 8, 4]
2021-04-19 00:36:37,672 INFO # Step 37, : DOWN, Visit Count : [95, 82, 107, 116], Thinking Time : 1.6sec


2021-04-19 00:36:39,267 INFO [0, 0, 0, 16]
2021-04-19 00:36:39,267 INFO [0, 0, 2, 32]
2021-04-19 00:36:39,267 INFO [0, 2, 8, 8]
2021-04-19 00:36:39,267 INFO [2, 2, 8, 4]
2021-04-19 00:36:39,267 INFO # Step 38, : LEFT, Visit Count : [170, 60, 96, 74], Thinking Time : 1.6sec


2021-04-19 00:36:40,891 INFO [16, 0, 0, 0]
2021-04-19 00:36:40,891 INFO [2, 32, 0, 0]
2021-04-19 00:36:40,892 INFO [2, 16, 4, 0]
2021-04-19 00:36:40,892 INFO [4, 8, 4, 0]
2021-04-19 00:36:40,892 INFO # Step 39, : UP, Visit Count : [202, 88, 110], Thinking Time : 1.6sec


2021-04-19 00:36:42,559 INFO [16, 32, 8, 0]
2021-04-19 00:36:42,559 INFO [4, 16, 0, 0]
2021-04-19 00:36:42,559 INFO [4, 8, 0, 0]
2021-04-19 00:36:42,559 INFO [0, 0, 0, 2]
2021-04-19 00:36:42,559 INFO # Step 40, : RIGHT, Visit Count : [114, 81, 130, 75], Thinking Time : 1.7sec


2021-04-19 00:36:44,161 INFO [0, 16, 32, 8]
2021-04-19 00:36:44,161 INFO [0, 2, 4, 16]
2021-04-19 00:36:44,161 INFO [0, 0, 4, 8]
2021-04-19 00:36:44,161 INFO [0, 0, 0, 2]
2021-04-19 00:36:44,161 INFO # Step 41, : LEFT, Visit Count : [199, 106, 95], Thinking Time : 1.6sec


2021-04-19 00:36:45,751 INFO [16, 32, 8, 0]
2021-04-19 00:36:45,751 INFO [2, 4, 16, 2]
2021-04-19 00:36:45,751 INFO [4, 8, 0, 0]
2021-04-19 00:36:45,751 INFO [2, 0, 0, 0]
2021-04-19 00:36:45,751 INFO # Step 42, : RIGHT, Visit Count : [105, 193, 102], Thinking Time : 1.6sec


2021-04-19 00:36:47,350 INFO [0, 16, 32, 8]
2021-04-19 00:36:47,351 INFO [2, 4, 16, 2]
2021-04-19 00:36:47,351 INFO [0, 4, 4, 8]
2021-04-19 00:36:47,351 INFO [0, 0, 0, 2]
2021-04-19 00:36:47,351 INFO # Step 43, : UP, Visit Count : [65, 176, 100, 59], Thinking Time : 1.6sec


2021-04-19 00:36:48,928 INFO [2, 16, 32, 8]
2021-04-19 00:36:48,929 INFO [2, 8, 16, 2]
2021-04-19 00:36:48,929 INFO [0, 0, 4, 8]
2021-04-19 00:36:48,929 INFO [0, 0, 0, 2]
2021-04-19 00:36:48,929 INFO # Step 44, : LEFT, Visit Count : [196, 126, 78], Thinking Time : 1.6sec


2021-04-19 00:36:50,544 INFO [2, 16, 32, 8]
2021-04-19 00:36:50,544 INFO [2, 8, 16, 2]
2021-04-19 00:36:50,544 INFO [4, 8, 2, 0]
2021-04-19 00:36:50,544 INFO [2, 0, 0, 0]
2021-04-19 00:36:50,544 INFO # Step 45, : UP, Visit Count : [190, 104, 106], Thinking Time : 1.6sec


2021-04-19 00:36:52,217 INFO [4, 16, 32, 8]
2021-04-19 00:36:52,217 INFO [4, 16, 16, 2]
2021-04-19 00:36:52,217 INFO [2, 0, 2, 0]
2021-04-19 00:36:52,217 INFO [2, 0, 0, 0]
2021-04-19 00:36:52,217 INFO # Step 46, : LEFT, Visit Count : [119, 91, 84, 106], Thinking Time : 1.7sec


2021-04-19 00:36:53,805 INFO [4, 16, 32, 8]
2021-04-19 00:36:53,805 INFO [4, 32, 2, 0]
2021-04-19 00:36:53,805 INFO [4, 0, 0, 0]
2021-04-19 00:36:53,805 INFO [2, 0, 0, 2]
2021-04-19 00:36:53,805 INFO # Step 47, : UP, Visit Count : [112, 119, 100, 69], Thinking Time : 1.6sec


2021-04-19 00:36:55,401 INFO [8, 16, 32, 8]
2021-04-19 00:36:55,401 INFO [4, 32, 2, 2]
2021-04-19 00:36:55,401 INFO [2, 2, 0, 0]
2021-04-19 00:36:55,401 INFO [0, 0, 0, 0]
2021-04-19 00:36:55,401 INFO # Step 48, : LEFT, Visit Count : [149, 109, 142], Thinking Time : 1.6sec


2021-04-19 00:36:57,001 INFO [8, 16, 32, 8]
2021-04-19 00:36:57,002 INFO [4, 32, 4, 0]
2021-04-19 00:36:57,002 INFO [4, 4, 0, 0]
2021-04-19 00:36:57,002 INFO [0, 0, 0, 0]
2021-04-19 00:36:57,002 INFO # Step 49, : UP, Visit Count : [95, 125, 121, 59], Thinking Time : 1.6sec


2021-04-19 00:36:58,626 INFO [8, 16, 32, 8]
2021-04-19 00:36:58,626 INFO [8, 32, 4, 0]
2021-04-19 00:36:58,626 INFO [0, 4, 0, 0]
2021-04-19 00:36:58,626 INFO [0, 0, 4, 0]
2021-04-19 00:36:58,626 INFO # Step 50, : UP, Visit Count : [85, 168, 92, 55], Thinking Time : 1.6sec


2021-04-19 00:37:00,288 INFO [16, 16, 32, 8]
2021-04-19 00:37:00,289 INFO [0, 32, 8, 0]
2021-04-19 00:37:00,289 INFO [0, 4, 0, 0]
2021-04-19 00:37:00,289 INFO [0, 0, 2, 0]
2021-04-19 00:37:00,289 INFO # Step 51, : UP, Visit Count : [84, 176, 79, 61], Thinking Time : 1.7sec


2021-04-19 00:37:01,935 INFO [16, 16, 32, 8]
2021-04-19 00:37:01,935 INFO [0, 32, 8, 0]
2021-04-19 00:37:01,935 INFO [0, 4, 2, 0]
2021-04-19 00:37:01,935 INFO [0, 2, 0, 0]
2021-04-19 00:37:01,935 INFO # Step 52, : RIGHT, Visit Count : [110, 176, 114], Thinking Time : 1.6sec


2021-04-19 00:37:03,521 INFO [0, 32, 32, 8]
2021-04-19 00:37:03,521 INFO [2, 0, 32, 8]
2021-04-19 00:37:03,521 INFO [0, 0, 4, 2]
2021-04-19 00:37:03,521 INFO [0, 0, 0, 2]
2021-04-19 00:37:03,521 INFO # Step 53, : RIGHT, Visit Count : [73, 76, 185, 66], Thinking Time : 1.6sec


2021-04-19 00:37:05,145 INFO [0, 0, 64, 8]
2021-04-19 00:37:05,146 INFO [0, 2, 32, 8]
2021-04-19 00:37:05,146 INFO [0, 0, 4, 2]
2021-04-19 00:37:05,146 INFO [0, 2, 0, 2]
2021-04-19 00:37:05,146 INFO # Step 54, : RIGHT, Visit Count : [57, 121, 144, 78], Thinking Time : 1.6sec


2021-04-19 00:37:06,792 INFO [0, 0, 64, 8]
2021-04-19 00:37:06,792 INFO [0, 2, 32, 8]
2021-04-19 00:37:06,792 INFO [0, 0, 4, 2]
2021-04-19 00:37:06,792 INFO [2, 0, 0, 4]
2021-04-19 00:37:06,792 INFO # Step 55, : DOWN, Visit Count : [101, 79, 95, 125], Thinking Time : 1.6sec


2021-04-19 00:37:08,501 INFO [0, 0, 0, 0]
2021-04-19 00:37:08,501 INFO [0, 0, 64, 16]
2021-04-19 00:37:08,501 INFO [2, 0, 32, 2]
2021-04-19 00:37:08,501 INFO [2, 2, 4, 4]
2021-04-19 00:37:08,501 INFO # Step 56, : LEFT, Visit Count : [128, 63, 112, 97], Thinking Time : 1.7sec


2021-04-19 00:37:10,133 INFO [0, 0, 0, 0]
2021-04-19 00:37:10,133 INFO [64, 16, 2, 0]
2021-04-19 00:37:10,133 INFO [2, 32, 2, 0]
2021-04-19 00:37:10,133 INFO [4, 8, 0, 0]
2021-04-19 00:37:10,133 INFO # Step 57, : UP, Visit Count : [189, 89, 122], Thinking Time : 1.6sec


2021-04-19 00:37:11,779 INFO [64, 16, 4, 0]
2021-04-19 00:37:11,779 INFO [2, 32, 0, 0]
2021-04-19 00:37:11,779 INFO [4, 8, 0, 0]
2021-04-19 00:37:11,779 INFO [0, 0, 2, 0]
2021-04-19 00:37:11,779 INFO # Step 58, : UP, Visit Count : [97, 115, 76, 112], Thinking Time : 1.6sec


2021-04-19 00:37:13,424 INFO [64, 16, 4, 2]
2021-04-19 00:37:13,424 INFO [2, 32, 2, 0]
2021-04-19 00:37:13,424 INFO [4, 8, 0, 0]
2021-04-19 00:37:13,424 INFO [0, 0, 0, 0]
2021-04-19 00:37:13,424 INFO # Step 59, : RIGHT, Visit Count : [217, 183], Thinking Time : 1.6sec


2021-04-19 00:37:15,039 INFO [64, 16, 4, 2]
2021-04-19 00:37:15,039 INFO [0, 2, 32, 2]
2021-04-19 00:37:15,039 INFO [0, 0, 4, 8]
2021-04-19 00:37:15,039 INFO [0, 2, 0, 0]
2021-04-19 00:37:15,039 INFO # Step 60, : RIGHT, Visit Count : [70, 79, 141, 110], Thinking Time : 1.6sec


2021-04-19 00:37:16,672 INFO [64, 16, 4, 2]
2021-04-19 00:37:16,672 INFO [2, 2, 32, 2]
2021-04-19 00:37:16,672 INFO [0, 0, 4, 8]
2021-04-19 00:37:16,672 INFO [0, 0, 0, 2]
2021-04-19 00:37:16,672 INFO # Step 61, : DOWN, Visit Count : [69, 81, 90, 160], Thinking Time : 1.6sec


2021-04-19 00:37:18,283 INFO [0, 0, 0, 2]
2021-04-19 00:37:18,283 INFO [0, 0, 4, 4]
2021-04-19 00:37:18,283 INFO [64, 16, 32, 8]
2021-04-19 00:37:18,283 INFO [2, 2, 4, 2]
2021-04-19 00:37:18,283 INFO # Step 62, : UP, Visit Count : [129, 156, 115], Thinking Time : 1.6sec


2021-04-19 00:37:19,955 INFO [64, 16, 4, 2]
2021-04-19 00:37:19,955 INFO [2, 2, 32, 4]
2021-04-19 00:37:19,955 INFO [0, 0, 4, 8]
2021-04-19 00:37:19,955 INFO [0, 0, 2, 2]
2021-04-19 00:37:19,955 INFO # Step 63, : DOWN, Visit Count : [112, 134, 154], Thinking Time : 1.7sec


2021-04-19 00:37:21,601 INFO [2, 0, 4, 2]
2021-04-19 00:37:21,602 INFO [0, 0, 32, 4]
2021-04-19 00:37:21,602 INFO [64, 16, 4, 8]
2021-04-19 00:37:21,602 INFO [2, 2, 2, 2]
2021-04-19 00:37:21,602 INFO # Step 64, : UP, Visit Count : [71, 172, 81, 76], Thinking Time : 1.6sec


2021-04-19 00:37:23,142 INFO [2, 16, 4, 2]
2021-04-19 00:37:23,142 INFO [64, 2, 32, 4]
2021-04-19 00:37:23,142 INFO [2, 0, 4, 8]
2021-04-19 00:37:23,142 INFO [2, 0, 2, 2]
2021-04-19 00:37:23,142 INFO # Step 65, : UP, Visit Count : [65, 139, 74, 122], Thinking Time : 1.5sec


2021-04-19 00:37:24,692 INFO [2, 16, 4, 2]
2021-04-19 00:37:24,692 INFO [64, 2, 32, 4]
2021-04-19 00:37:24,693 INFO [4, 0, 4, 8]
2021-04-19 00:37:24,693 INFO [0, 2, 2, 2]
2021-04-19 00:37:24,693 INFO # Step 66, : DOWN, Visit Count : [95, 106, 85, 114], Thinking Time : 1.6sec


2021-04-19 00:37:26,242 INFO [0, 2, 4, 2]
2021-04-19 00:37:26,242 INFO [2, 0, 32, 4]
2021-04-19 00:37:26,242 INFO [64, 16, 4, 8]
2021-04-19 00:37:26,242 INFO [4, 4, 2, 2]
2021-04-19 00:37:26,242 INFO # Step 67, : RIGHT, Visit Count : [110, 80, 121, 89], Thinking Time : 1.5sec


2021-04-19 00:37:27,834 INFO [0, 2, 4, 2]
2021-04-19 00:37:27,834 INFO [0, 2, 32, 4]
2021-04-19 00:37:27,834 INFO [64, 16, 4, 8]
2021-04-19 00:37:27,834 INFO [2, 0, 8, 4]
2021-04-19 00:37:27,834 INFO # Step 68, : RIGHT, Visit Count : [93, 77, 152, 78], Thinking Time : 1.6sec


2021-04-19 00:37:29,460 INFO [2, 2, 4, 2]
2021-04-19 00:37:29,460 INFO [0, 2, 32, 4]
2021-04-19 00:37:29,460 INFO [64, 16, 4, 8]
2021-04-19 00:37:29,460 INFO [0, 2, 8, 4]
2021-04-19 00:37:29,460 INFO # Step 69, : DOWN, Visit Count : [86, 73, 98, 143], Thinking Time : 1.6sec


2021-04-19 00:37:31,136 INFO [0, 2, 4, 2]
2021-04-19 00:37:31,136 INFO [0, 4, 32, 4]
2021-04-19 00:37:31,136 INFO [2, 16, 4, 8]
2021-04-19 00:37:31,136 INFO [64, 2, 8, 4]
2021-04-19 00:37:31,136 INFO # Step 70, : LEFT, Visit Count : [224, 176], Thinking Time : 1.7sec


2021-04-19 00:37:32,692 INFO [2, 4, 2, 2]
2021-04-19 00:37:32,692 INFO [4, 32, 4, 0]
2021-04-19 00:37:32,692 INFO [2, 16, 4, 8]
2021-04-19 00:37:32,692 INFO [64, 2, 8, 4]
2021-04-19 00:37:32,692 INFO # Step 71, : LEFT, Visit Count : [143, 102, 63, 92], Thinking Time : 1.6sec


2021-04-19 00:37:34,183 INFO [2, 4, 4, 0]
2021-04-19 00:37:34,183 INFO [4, 32, 4, 2]
2021-04-19 00:37:34,183 INFO [2, 16, 4, 8]
2021-04-19 00:37:34,183 INFO [64, 2, 8, 4]
2021-04-19 00:37:34,183 INFO # Step 72, : DOWN, Visit Count : [73, 69, 119, 139], Thinking Time : 1.5sec


2021-04-19 00:37:35,707 INFO [2, 4, 2, 0]
2021-04-19 00:37:35,707 INFO [4, 32, 4, 2]
2021-04-19 00:37:35,707 INFO [2, 16, 8, 8]
2021-04-19 00:37:35,707 INFO [64, 2, 8, 4]
2021-04-19 00:37:35,707 INFO # Step 73, : DOWN, Visit Count : [87, 70, 78, 165], Thinking Time : 1.5sec


2021-04-19 00:37:37,217 INFO [2, 4, 0, 2]
2021-04-19 00:37:37,217 INFO [4, 32, 2, 2]
2021-04-19 00:37:37,217 INFO [2, 16, 4, 8]
2021-04-19 00:37:37,217 INFO [64, 2, 16, 4]
2021-04-19 00:37:37,217 INFO # Step 74, : UP, Visit Count : [84, 140, 86, 90], Thinking Time : 1.5sec


2021-04-19 00:37:38,769 INFO [2, 4, 2, 4]
2021-04-19 00:37:38,770 INFO [4, 32, 4, 8]
2021-04-19 00:37:38,770 INFO [2, 16, 16, 4]
2021-04-19 00:37:38,770 INFO [64, 2, 0, 2]
2021-04-19 00:37:38,770 INFO # Step 75, : DOWN, Visit Count : [94, 94, 212], Thinking Time : 1.6sec


2021-04-19 00:37:40,426 INFO [2, 4, 2, 4]
2021-04-19 00:37:40,426 INFO [4, 32, 2, 8]
2021-04-19 00:37:40,426 INFO [2, 16, 4, 4]
2021-04-19 00:37:40,427 INFO [64, 2, 16, 2]
2021-04-19 00:37:40,427 INFO # Step 76, : LEFT, Visit Count : [126, 80, 73, 121], Thinking Time : 1.7sec


2021-04-19 00:37:42,028 INFO [2, 4, 2, 4]
2021-04-19 00:37:42,028 INFO [4, 32, 2, 8]
2021-04-19 00:37:42,028 INFO [2, 16, 8, 2]
2021-04-19 00:37:42,028 INFO [64, 2, 16, 2]
2021-04-19 00:37:42,028 INFO # Step 77, : DOWN, Visit Count : [198, 202], Thinking Time : 1.6sec


2021-04-19 00:37:43,570 INFO [2, 4, 2, 0]
2021-04-19 00:37:43,570 INFO [4, 32, 4, 4]
2021-04-19 00:37:43,570 INFO [2, 16, 8, 8]
2021-04-19 00:37:43,570 INFO [64, 2, 16, 4]
2021-04-19 00:37:43,570 INFO # Step 78, : RIGHT, Visit Count : [137, 84, 179], Thinking Time : 1.5sec


2021-04-19 00:37:45,133 INFO [2, 2, 4, 2]
2021-04-19 00:37:45,133 INFO [0, 4, 32, 8]
2021-04-19 00:37:45,133 INFO [0, 2, 16, 16]
2021-04-19 00:37:45,133 INFO [64, 2, 16, 4]
2021-04-19 00:37:45,133 INFO # Step 79, : LEFT, Visit Count : [159, 77, 85, 79], Thinking Time : 1.6sec


2021-04-19 00:37:46,720 INFO [4, 4, 2, 0]
2021-04-19 00:37:46,720 INFO [4, 32, 8, 0]
2021-04-19 00:37:46,720 INFO [2, 32, 2, 0]
2021-04-19 00:37:46,720 INFO [64, 2, 16, 4]
2021-04-19 00:37:46,720 INFO # Step 80, : UP, Visit Count : [80, 124, 102, 94], Thinking Time : 1.6sec


2021-04-19 00:37:48,326 INFO [8, 4, 2, 4]
2021-04-19 00:37:48,326 INFO [2, 64, 8, 2]
2021-04-19 00:37:48,326 INFO [64, 2, 2, 0]
2021-04-19 00:37:48,327 INFO [0, 0, 16, 0]
2021-04-19 00:37:48,327 INFO # Step 81, : RIGHT, Visit Count : [145, 185, 70], Thinking Time : 1.6sec


2021-04-19 00:37:49,946 INFO [8, 4, 2, 4]
2021-04-19 00:37:49,946 INFO [2, 64, 8, 2]
2021-04-19 00:37:49,946 INFO [0, 0, 64, 4]
2021-04-19 00:37:49,947 INFO [0, 2, 0, 16]
2021-04-19 00:37:49,947 INFO # Step 82, : RIGHT, Visit Count : [97, 79, 138, 86], Thinking Time : 1.6sec


2021-04-19 00:37:51,553 INFO [8, 4, 2, 4]
2021-04-19 00:37:51,554 INFO [2, 64, 8, 2]
2021-04-19 00:37:51,554 INFO [0, 2, 64, 4]
2021-04-19 00:37:51,554 INFO [0, 0, 2, 16]
2021-04-19 00:37:51,554 INFO # Step 83, : LEFT, Visit Count : [249, 151], Thinking Time : 1.6sec


2021-04-19 00:37:53,110 INFO [8, 4, 2, 4]
2021-04-19 00:37:53,110 INFO [2, 64, 8, 2]
2021-04-19 00:37:53,110 INFO [2, 64, 4, 0]
2021-04-19 00:37:53,110 INFO [2, 16, 2, 0]
2021-04-19 00:37:53,110 INFO # Step 84, : DOWN, Visit Count : [108, 90, 202], Thinking Time : 1.6sec


2021-04-19 00:37:54,673 INFO [0, 2, 2, 0]
2021-04-19 00:37:54,673 INFO [8, 4, 8, 0]
2021-04-19 00:37:54,673 INFO [2, 128, 4, 4]
2021-04-19 00:37:54,673 INFO [4, 16, 2, 2]
2021-04-19 00:37:54,673 INFO # Step 85, : UP, Visit Count : [105, 177, 118], Thinking Time : 1.6sec


2021-04-19 00:37:56,223 INFO [8, 2, 2, 4]
2021-04-19 00:37:56,224 INFO [2, 4, 8, 2]
2021-04-19 00:37:56,224 INFO [4, 128, 4, 0]
2021-04-19 00:37:56,224 INFO [0, 16, 2, 4]
2021-04-19 00:37:56,224 INFO # Step 86, : DOWN, Visit Count : [74, 85, 77, 164], Thinking Time : 1.6sec


2021-04-19 00:37:57,816 INFO [2, 2, 2, 0]
2021-04-19 00:37:57,816 INFO [8, 4, 8, 4]
2021-04-19 00:37:57,816 INFO [2, 128, 4, 2]
2021-04-19 00:37:57,816 INFO [4, 16, 2, 4]
2021-04-19 00:37:57,816 INFO # Step 87, : RIGHT, Visit Count : [94, 88, 218], Thinking Time : 1.6sec


2021-04-19 00:37:59,441 INFO [2, 0, 2, 4]
2021-04-19 00:37:59,441 INFO [8, 4, 8, 4]
2021-04-19 00:37:59,441 INFO [2, 128, 4, 2]
2021-04-19 00:37:59,441 INFO [4, 16, 2, 4]
2021-04-19 00:37:59,441 INFO # Step 88, : LEFT, Visit Count : [133, 88, 78, 101], Thinking Time : 1.6sec


2021-04-19 00:38:01,089 INFO [4, 4, 2, 0]
2021-04-19 00:38:01,089 INFO [8, 4, 8, 4]
2021-04-19 00:38:01,089 INFO [2, 128, 4, 2]
2021-04-19 00:38:01,089 INFO [4, 16, 2, 4]
2021-04-19 00:38:01,089 INFO # Step 89, : LEFT, Visit Count : [147, 72, 80, 101], Thinking Time : 1.6sec


2021-04-19 00:38:02,750 INFO [8, 2, 0, 2]
2021-04-19 00:38:02,750 INFO [8, 4, 8, 4]
2021-04-19 00:38:02,750 INFO [2, 128, 4, 2]
2021-04-19 00:38:02,750 INFO [4, 16, 2, 4]
2021-04-19 00:38:02,750 INFO # Step 90, : RIGHT, Visit Count : [92, 108, 118, 82], Thinking Time : 1.7sec


2021-04-19 00:38:04,302 INFO [4, 0, 8, 4]
2021-04-19 00:38:04,302 INFO [8, 4, 8, 4]
2021-04-19 00:38:04,302 INFO [2, 128, 4, 2]
2021-04-19 00:38:04,302 INFO [4, 16, 2, 4]
2021-04-19 00:38:04,302 INFO # Step 91, : LEFT, Visit Count : [120, 88, 82, 110], Thinking Time : 1.6sec


